This file contains any messages produced by compilers while
running configure, to aid debugging if configure makes a mistake.

It was created by dosbox configure SVN, which was
generated by GNU Autoconf 2.69.  Invocation command line was

  $ ./configure --host=mipsel-linux

## --------- ##
## Platform. ##
## --------- ##

hostname = debian
uname -m = x86_64
uname -r = 4.9.0-4-amd64
uname -s = Linux
uname -v = #1 SMP Debian 4.9.65-3 (2017-12-03)

/usr/bin/uname -p = unknown
/bin/uname -X     = unknown

/bin/arch              = unknown
/usr/bin/arch -k       = unknown
/usr/convex/getsysinfo = unknown
/usr/bin/hostinfo      = unknown
/bin/machine           = unknown
/usr/bin/oslevel       = unknown
/bin/universe          = unknown

PATH: /usr/local/bin
PATH: /usr/bin
PATH: /bin
PATH: /usr/local/games
PATH: /usr/games
PATH: /home/steward/Downloads/buildroot-2017.02.9/output/host/usr/bin/


## ----------- ##
## Core tests. ##
## ----------- ##

configure:2528: checking build system type
configure:2542: result: x86_64-pc-linux-uclibc
configure:2562: checking host system type
configure:2575: result: mipsel-unknown-linux-gnu
configure:2613: checking for a BSD-compatible install
configure:2681: result: /usr/bin/install -c
configure:2692: checking whether build environment is sane
configure:2747: result: yes
configure:2806: checking for mipsel-linux-strip
configure:2822: found /home/steward/Downloads/buildroot-2017.02.9/output/host/usr/bin//mipsel-linux-strip
configure:2833: result: mipsel-linux-strip
configure:2898: checking for a thread-safe mkdir -p
configure:2937: result: /bin/mkdir -p
configure:2944: checking for gawk
configure:2960: found /usr/bin/gawk
configure:2971: result: gawk
configure:2982: checking whether make sets $(MAKE)
configure:3004: result: yes
configure:3033: checking whether make supports nested variables
configure:3050: result: yes
configure:3179: checking whether make sets $(MAKE)
configure:3201: result: yes
configure:3218: checking for mipsel-linux-gcc
configure:3245: result: mipsel-linux-gcc
configure:3514: checking for C compiler version
configure:3523: mipsel-linux-gcc --version >&5
mipsel-linux-gcc.br_real (Buildroot 2017.02.9) 5.4.0
Copyright (C) 2015 Free Software Foundation, Inc.
This is free software; see the source for copying conditions.  There is NO
warranty; not even for MERCHANTABILITY or FITNESS FOR A PARTICULAR PURPOSE.

configure:3534: $? = 0
configure:3523: mipsel-linux-gcc -v >&5
Using built-in specs.
COLLECT_GCC=/home/steward/Downloads/buildroot-2017.02.9/output/host/usr/bin/mipsel-linux-gcc.br_real
COLLECT_LTO_WRAPPER=/home/steward/Downloads/buildroot-2017.02.9/output/host/usr/libexec/gcc/mipsel-buildroot-linux-uclibc/5.4.0/lto-wrapper
Target: mipsel-buildroot-linux-uclibc
Configured with: ./configure --prefix=/home/steward/Downloads/buildroot-2017.02.9/output/host/usr --sysconfdir=/home/steward/Downloads/buildroot-2017.02.9/output/host/etc --enable-static --target=mipsel-buildroot-linux-uclibc --with-sysroot=/home/steward/Downloads/buildroot-2017.02.9/output/host/usr/mipsel-buildroot-linux-uclibc/sysroot --disable-__cxa_atexit --with-gnu-ld --disable-libssp --disable-multilib --with-gmp=/home/steward/Downloads/buildroot-2017.02.9/output/host/usr --with-mpc=/home/steward/Downloads/buildroot-2017.02.9/output/host/usr --with-mpfr=/home/steward/Downloads/buildroot-2017.02.9/output/host/usr --with-pkgversion='Buildroot 2017.02.9' --with-bugurl=http://bugs.buildroot.net/ --disable-libquadmath --disable-libsanitizer --enable-tls --disable-libmudflap --enable-threads --without-isl --without-cloog --disable-decimal-float --with-arch=mips32 --with-abi=32 --enable-languages=c,c++ --with-build-time-tools=/home/steward/Downloads/buildroot-2017.02.9/output/host/usr/mipsel-buildroot-linux-uclibc/bin --enable-shared --disable-libgomp
Thread model: posix
gcc version 5.4.0 (Buildroot 2017.02.9) 
configure:3534: $? = 0
configure:3523: mipsel-linux-gcc -V >&5
mipsel-linux-gcc.br_real: error: unrecognized command line option '-V'
mipsel-linux-gcc.br_real: fatal error: no input files
compilation terminated.
configure:3534: $? = 1
configure:3523: mipsel-linux-gcc -qversion >&5
mipsel-linux-gcc.br_real: error: unrecognized command line option '-qversion'
mipsel-linux-gcc.br_real: fatal error: no input files
compilation terminated.
configure:3534: $? = 1
configure:3554: checking whether the C compiler works
configure:3576: mipsel-linux-gcc    conftest.c  >&5
configure:3580: $? = 0
configure:3628: result: yes
configure:3631: checking for C compiler default output file name
configure:3633: result: a.out
configure:3639: checking for suffix of executables
configure:3646: mipsel-linux-gcc -o conftest    conftest.c  >&5
configure:3650: $? = 0
configure:3672: result: 
configure:3694: checking whether we are cross compiling
configure:3702: mipsel-linux-gcc -o conftest    conftest.c  >&5
configure:3706: $? = 0
configure:3713: ./conftest
./configure: line 3715: ./conftest: cannot execute binary file: Exec format error
configure:3717: $? = 126
configure:3732: result: yes
configure:3737: checking for suffix of object files
configure:3759: mipsel-linux-gcc -c   conftest.c >&5
configure:3763: $? = 0
configure:3784: result: o
configure:3788: checking whether we are using the GNU C compiler
configure:3807: mipsel-linux-gcc -c   conftest.c >&5
configure:3807: $? = 0
configure:3816: result: yes
configure:3825: checking whether mipsel-linux-gcc accepts -g
configure:3845: mipsel-linux-gcc -c -g  conftest.c >&5
configure:3845: $? = 0
configure:3886: result: yes
configure:3903: checking for mipsel-linux-gcc option to accept ISO C89
configure:3966: mipsel-linux-gcc  -c -g -O2  conftest.c >&5
configure:3966: $? = 0
configure:3979: result: none needed
configure:4004: checking whether mipsel-linux-gcc understands -c and -o together
configure:4026: mipsel-linux-gcc -c conftest.c -o conftest2.o
configure:4029: $? = 0
configure:4026: mipsel-linux-gcc -c conftest.c -o conftest2.o
configure:4029: $? = 0
configure:4041: result: yes
configure:4069: checking for style of include used by make
configure:4097: result: GNU
configure:4123: checking dependency style of mipsel-linux-gcc
configure:4234: result: gcc3
configure:4254: checking how to run the C preprocessor
configure:4285: mipsel-linux-gcc -E  conftest.c
configure:4285: $? = 0
configure:4299: mipsel-linux-gcc -E  conftest.c
conftest.c:11:28: fatal error: ac_nonexistent.h: No such file or directory
compilation terminated.
configure:4299: $? = 1
configure: failed program was:
| /* confdefs.h */
| #define PACKAGE_NAME "dosbox"
| #define PACKAGE_TARNAME "dosbox"
| #define PACKAGE_VERSION "SVN"
| #define PACKAGE_STRING "dosbox SVN"
| #define PACKAGE_BUGREPORT ""
| #define PACKAGE_URL ""
| #define PACKAGE "dosbox"
| #define VERSION "SVN"
| /* end confdefs.h.  */
| #include <ac_nonexistent.h>
configure:4324: result: mipsel-linux-gcc -E
configure:4344: mipsel-linux-gcc -E  conftest.c
configure:4344: $? = 0
configure:4358: mipsel-linux-gcc -E  conftest.c
conftest.c:11:28: fatal error: ac_nonexistent.h: No such file or directory
compilation terminated.
configure:4358: $? = 1
configure: failed program was:
| /* confdefs.h */
| #define PACKAGE_NAME "dosbox"
| #define PACKAGE_TARNAME "dosbox"
| #define PACKAGE_VERSION "SVN"
| #define PACKAGE_STRING "dosbox SVN"
| #define PACKAGE_BUGREPORT ""
| #define PACKAGE_URL ""
| #define PACKAGE "dosbox"
| #define VERSION "SVN"
| /* end confdefs.h.  */
| #include <ac_nonexistent.h>
configure:4498: checking for C++ compiler version
configure:4507: mipsel-linux-g++ --version >&5
mipsel-linux-g++.br_real (Buildroot 2017.02.9) 5.4.0
Copyright (C) 2015 Free Software Foundation, Inc.
This is free software; see the source for copying conditions.  There is NO
warranty; not even for MERCHANTABILITY or FITNESS FOR A PARTICULAR PURPOSE.

configure:4518: $? = 0
configure:4507: mipsel-linux-g++ -v >&5
Using built-in specs.
COLLECT_GCC=/home/steward/Downloads/buildroot-2017.02.9/output/host/usr/bin/mipsel-linux-g++.br_real
COLLECT_LTO_WRAPPER=/home/steward/Downloads/buildroot-2017.02.9/output/host/usr/libexec/gcc/mipsel-buildroot-linux-uclibc/5.4.0/lto-wrapper
Target: mipsel-buildroot-linux-uclibc
Configured with: ./configure --prefix=/home/steward/Downloads/buildroot-2017.02.9/output/host/usr --sysconfdir=/home/steward/Downloads/buildroot-2017.02.9/output/host/etc --enable-static --target=mipsel-buildroot-linux-uclibc --with-sysroot=/home/steward/Downloads/buildroot-2017.02.9/output/host/usr/mipsel-buildroot-linux-uclibc/sysroot --disable-__cxa_atexit --with-gnu-ld --disable-libssp --disable-multilib --with-gmp=/home/steward/Downloads/buildroot-2017.02.9/output/host/usr --with-mpc=/home/steward/Downloads/buildroot-2017.02.9/output/host/usr --with-mpfr=/home/steward/Downloads/buildroot-2017.02.9/output/host/usr --with-pkgversion='Buildroot 2017.02.9' --with-bugurl=http://bugs.buildroot.net/ --disable-libquadmath --disable-libsanitizer --enable-tls --disable-libmudflap --enable-threads --without-isl --without-cloog --disable-decimal-float --with-arch=mips32 --with-abi=32 --enable-languages=c,c++ --with-build-time-tools=/home/steward/Downloads/buildroot-2017.02.9/output/host/usr/mipsel-buildroot-linux-uclibc/bin --enable-shared --disable-libgomp
Thread model: posix
gcc version 5.4.0 (Buildroot 2017.02.9) 
configure:4518: $? = 0
configure:4507: mipsel-linux-g++ -V >&5
mipsel-linux-g++.br_real: error: unrecognized command line option '-V'
mipsel-linux-g++.br_real: fatal error: no input files
compilation terminated.
configure:4518: $? = 1
configure:4507: mipsel-linux-g++ -qversion >&5
mipsel-linux-g++.br_real: error: unrecognized command line option '-qversion'
mipsel-linux-g++.br_real: fatal error: no input files
compilation terminated.
configure:4518: $? = 1
configure:4522: checking whether we are using the GNU C++ compiler
configure:4541: mipsel-linux-g++ -c   conftest.cpp >&5
configure:4541: $? = 0
configure:4550: result: yes
configure:4559: checking whether mipsel-linux-g++ accepts -g
configure:4579: mipsel-linux-g++ -c -g  conftest.cpp >&5
configure:4579: $? = 0
configure:4620: result: yes
configure:4645: checking dependency style of mipsel-linux-g++
configure:4756: result: gcc3
configure:4775: checking for mipsel-linux-ranlib
configure:4791: found /home/steward/Downloads/buildroot-2017.02.9/output/host/usr/bin//mipsel-linux-ranlib
configure:4802: result: mipsel-linux-ranlib
configure:4912: checking for sdl-config
configure:4943: result: /home/steward/Downloads/buildroot-2017.02.9/output/host/usr/mipsel-buildroot-linux-uclibc/sysroot/usr/bin/sdl-config
configure:4952: checking for SDL - version >= 1.2.0
configure:5051: result: yes
configure:5117: checking SDL version only being 1.2.X
configure:5131: mipsel-linux-gcc -c -g -O2  -I/home/steward/Downloads/buildroot-2017.02.9/output/host/usr/mipsel-buildroot-linux-uclibc/sysroot/usr/include/SDL -D_GNU_SOURCE=1 -D_REENTRANT conftest.c >&5
configure:5131: $? = 0
configure:5132: result: yes
configure:5143: checking for an ANSI C-conforming const
configure:5209: mipsel-linux-gcc -c -g -O2  -I/home/steward/Downloads/buildroot-2017.02.9/output/host/usr/mipsel-buildroot-linux-uclibc/sysroot/usr/include/SDL -D_GNU_SOURCE=1 -D_REENTRANT conftest.c >&5
configure:5209: $? = 0
configure:5216: result: yes
configure:5224: checking for inline
configure:5240: mipsel-linux-gcc -c -g -O2  -I/home/steward/Downloads/buildroot-2017.02.9/output/host/usr/mipsel-buildroot-linux-uclibc/sysroot/usr/include/SDL -D_GNU_SOURCE=1 -D_REENTRANT conftest.c >&5
configure:5240: $? = 0
configure:5248: result: inline
configure:5267: checking for grep that handles long lines and -e
configure:5325: result: /bin/grep
configure:5330: checking for egrep
configure:5392: result: /bin/grep -E
configure:5397: checking for ANSI C header files
configure:5417: mipsel-linux-gcc -c -g -O2  -I/home/steward/Downloads/buildroot-2017.02.9/output/host/usr/mipsel-buildroot-linux-uclibc/sysroot/usr/include/SDL -D_GNU_SOURCE=1 -D_REENTRANT conftest.c >&5
configure:5417: $? = 0
configure:5501: result: yes
configure:5514: checking for sys/types.h
configure:5514: mipsel-linux-gcc -c -g -O2  -I/home/steward/Downloads/buildroot-2017.02.9/output/host/usr/mipsel-buildroot-linux-uclibc/sysroot/usr/include/SDL -D_GNU_SOURCE=1 -D_REENTRANT conftest.c >&5
configure:5514: $? = 0
configure:5514: result: yes
configure:5514: checking for sys/stat.h
configure:5514: mipsel-linux-gcc -c -g -O2  -I/home/steward/Downloads/buildroot-2017.02.9/output/host/usr/mipsel-buildroot-linux-uclibc/sysroot/usr/include/SDL -D_GNU_SOURCE=1 -D_REENTRANT conftest.c >&5
configure:5514: $? = 0
configure:5514: result: yes
configure:5514: checking for stdlib.h
configure:5514: mipsel-linux-gcc -c -g -O2  -I/home/steward/Downloads/buildroot-2017.02.9/output/host/usr/mipsel-buildroot-linux-uclibc/sysroot/usr/include/SDL -D_GNU_SOURCE=1 -D_REENTRANT conftest.c >&5
configure:5514: $? = 0
configure:5514: result: yes
configure:5514: checking for string.h
configure:5514: mipsel-linux-gcc -c -g -O2  -I/home/steward/Downloads/buildroot-2017.02.9/output/host/usr/mipsel-buildroot-linux-uclibc/sysroot/usr/include/SDL -D_GNU_SOURCE=1 -D_REENTRANT conftest.c >&5
configure:5514: $? = 0
configure:5514: result: yes
configure:5514: checking for memory.h
configure:5514: mipsel-linux-gcc -c -g -O2  -I/home/steward/Downloads/buildroot-2017.02.9/output/host/usr/mipsel-buildroot-linux-uclibc/sysroot/usr/include/SDL -D_GNU_SOURCE=1 -D_REENTRANT conftest.c >&5
configure:5514: $? = 0
configure:5514: result: yes
configure:5514: checking for strings.h
configure:5514: mipsel-linux-gcc -c -g -O2  -I/home/steward/Downloads/buildroot-2017.02.9/output/host/usr/mipsel-buildroot-linux-uclibc/sysroot/usr/include/SDL -D_GNU_SOURCE=1 -D_REENTRANT conftest.c >&5
configure:5514: $? = 0
configure:5514: result: yes
configure:5514: checking for inttypes.h
configure:5514: mipsel-linux-gcc -c -g -O2  -I/home/steward/Downloads/buildroot-2017.02.9/output/host/usr/mipsel-buildroot-linux-uclibc/sysroot/usr/include/SDL -D_GNU_SOURCE=1 -D_REENTRANT conftest.c >&5
configure:5514: $? = 0
configure:5514: result: yes
configure:5514: checking for stdint.h
configure:5514: mipsel-linux-gcc -c -g -O2  -I/home/steward/Downloads/buildroot-2017.02.9/output/host/usr/mipsel-buildroot-linux-uclibc/sysroot/usr/include/SDL -D_GNU_SOURCE=1 -D_REENTRANT conftest.c >&5
configure:5514: $? = 0
configure:5514: result: yes
configure:5514: checking for unistd.h
configure:5514: mipsel-linux-gcc -c -g -O2  -I/home/steward/Downloads/buildroot-2017.02.9/output/host/usr/mipsel-buildroot-linux-uclibc/sysroot/usr/include/SDL -D_GNU_SOURCE=1 -D_REENTRANT conftest.c >&5
configure:5514: $? = 0
configure:5514: result: yes
configure:5526: checking for size_t
configure:5526: mipsel-linux-gcc -c -g -O2  -I/home/steward/Downloads/buildroot-2017.02.9/output/host/usr/mipsel-buildroot-linux-uclibc/sysroot/usr/include/SDL -D_GNU_SOURCE=1 -D_REENTRANT conftest.c >&5
configure:5526: $? = 0
configure:5526: mipsel-linux-gcc -c -g -O2  -I/home/steward/Downloads/buildroot-2017.02.9/output/host/usr/mipsel-buildroot-linux-uclibc/sysroot/usr/include/SDL -D_GNU_SOURCE=1 -D_REENTRANT conftest.c >&5
conftest.c: In function 'main':
conftest.c:57:21: error: expected expression before ')' token
 if (sizeof ((size_t)))
                     ^
configure:5526: $? = 1
configure: failed program was:
| /* confdefs.h */
| #define PACKAGE_NAME "dosbox"
| #define PACKAGE_TARNAME "dosbox"
| #define PACKAGE_VERSION "SVN"
| #define PACKAGE_STRING "dosbox SVN"
| #define PACKAGE_BUGREPORT ""
| #define PACKAGE_URL ""
| #define PACKAGE "dosbox"
| #define VERSION "SVN"
| #define STDC_HEADERS 1
| #define HAVE_SYS_TYPES_H 1
| #define HAVE_SYS_STAT_H 1
| #define HAVE_STDLIB_H 1
| #define HAVE_STRING_H 1
| #define HAVE_MEMORY_H 1
| #define HAVE_STRINGS_H 1
| #define HAVE_INTTYPES_H 1
| #define HAVE_STDINT_H 1
| #define HAVE_UNISTD_H 1
| /* end confdefs.h.  */
| #include <stdio.h>
| #ifdef HAVE_SYS_TYPES_H
| # include <sys/types.h>
| #endif
| #ifdef HAVE_SYS_STAT_H
| # include <sys/stat.h>
| #endif
| #ifdef STDC_HEADERS
| # include <stdlib.h>
| # include <stddef.h>
| #else
| # ifdef HAVE_STDLIB_H
| #  include <stdlib.h>
| # endif
| #endif
| #ifdef HAVE_STRING_H
| # if !defined STDC_HEADERS && defined HAVE_MEMORY_H
| #  include <memory.h>
| # endif
| # include <string.h>
| #endif
| #ifdef HAVE_STRINGS_H
| # include <strings.h>
| #endif
| #ifdef HAVE_INTTYPES_H
| # include <inttypes.h>
| #endif
| #ifdef HAVE_STDINT_H
| # include <stdint.h>
| #endif
| #ifdef HAVE_UNISTD_H
| # include <unistd.h>
| #endif
| int
| main ()
| {
| if (sizeof ((size_t)))
| 	    return 0;
|   ;
|   return 0;
| }
configure:5526: result: yes
configure:5537: checking whether struct tm is in sys/time.h or time.h
configure:5557: mipsel-linux-gcc -c -g -O2  -I/home/steward/Downloads/buildroot-2017.02.9/output/host/usr/mipsel-buildroot-linux-uclibc/sysroot/usr/include/SDL -D_GNU_SOURCE=1 -D_REENTRANT conftest.c >&5
configure:5557: $? = 0
configure:5564: result: time.h
configure:5576: checking size of unsigned char
configure:5581: mipsel-linux-gcc -c -g -O2  -I/home/steward/Downloads/buildroot-2017.02.9/output/host/usr/mipsel-buildroot-linux-uclibc/sysroot/usr/include/SDL -D_GNU_SOURCE=1 -D_REENTRANT conftest.c >&5
configure:5581: $? = 0
configure:5581: mipsel-linux-gcc -c -g -O2  -I/home/steward/Downloads/buildroot-2017.02.9/output/host/usr/mipsel-buildroot-linux-uclibc/sysroot/usr/include/SDL -D_GNU_SOURCE=1 -D_REENTRANT conftest.c >&5
conftest.c: In function 'main':
conftest.c:57:12: error: size of array 'test_array' is negative
 static int test_array [1 - 2 * !(((long int) (sizeof (unsigned char))) <= 0)];
            ^
configure:5581: $? = 1
configure: failed program was:
| /* confdefs.h */
| #define PACKAGE_NAME "dosbox"
| #define PACKAGE_TARNAME "dosbox"
| #define PACKAGE_VERSION "SVN"
| #define PACKAGE_STRING "dosbox SVN"
| #define PACKAGE_BUGREPORT ""
| #define PACKAGE_URL ""
| #define PACKAGE "dosbox"
| #define VERSION "SVN"
| #define STDC_HEADERS 1
| #define HAVE_SYS_TYPES_H 1
| #define HAVE_SYS_STAT_H 1
| #define HAVE_STDLIB_H 1
| #define HAVE_STRING_H 1
| #define HAVE_MEMORY_H 1
| #define HAVE_STRINGS_H 1
| #define HAVE_INTTYPES_H 1
| #define HAVE_STDINT_H 1
| #define HAVE_UNISTD_H 1
| /* end confdefs.h.  */
| #include <stdio.h>
| #ifdef HAVE_SYS_TYPES_H
| # include <sys/types.h>
| #endif
| #ifdef HAVE_SYS_STAT_H
| # include <sys/stat.h>
| #endif
| #ifdef STDC_HEADERS
| # include <stdlib.h>
| # include <stddef.h>
| #else
| # ifdef HAVE_STDLIB_H
| #  include <stdlib.h>
| # endif
| #endif
| #ifdef HAVE_STRING_H
| # if !defined STDC_HEADERS && defined HAVE_MEMORY_H
| #  include <memory.h>
| # endif
| # include <string.h>
| #endif
| #ifdef HAVE_STRINGS_H
| # include <strings.h>
| #endif
| #ifdef HAVE_INTTYPES_H
| # include <inttypes.h>
| #endif
| #ifdef HAVE_STDINT_H
| # include <stdint.h>
| #endif
| #ifdef HAVE_UNISTD_H
| # include <unistd.h>
| #endif
| int
| main ()
| {
| static int test_array [1 - 2 * !(((long int) (sizeof (unsigned char))) <= 0)];
| test_array [0] = 0;
| return test_array [0];
| 
|   ;
|   return 0;
| }
configure:5581: mipsel-linux-gcc -c -g -O2  -I/home/steward/Downloads/buildroot-2017.02.9/output/host/usr/mipsel-buildroot-linux-uclibc/sysroot/usr/include/SDL -D_GNU_SOURCE=1 -D_REENTRANT conftest.c >&5
configure:5581: $? = 0
configure:5595: result: 1
configure:5609: checking size of unsigned short
configure:5614: mipsel-linux-gcc -c -g -O2  -I/home/steward/Downloads/buildroot-2017.02.9/output/host/usr/mipsel-buildroot-linux-uclibc/sysroot/usr/include/SDL -D_GNU_SOURCE=1 -D_REENTRANT conftest.c >&5
configure:5614: $? = 0
configure:5614: mipsel-linux-gcc -c -g -O2  -I/home/steward/Downloads/buildroot-2017.02.9/output/host/usr/mipsel-buildroot-linux-uclibc/sysroot/usr/include/SDL -D_GNU_SOURCE=1 -D_REENTRANT conftest.c >&5
conftest.c: In function 'main':
conftest.c:58:12: error: size of array 'test_array' is negative
 static int test_array [1 - 2 * !(((long int) (sizeof (unsigned short))) <= 0)];
            ^
configure:5614: $? = 1
configure: failed program was:
| /* confdefs.h */
| #define PACKAGE_NAME "dosbox"
| #define PACKAGE_TARNAME "dosbox"
| #define PACKAGE_VERSION "SVN"
| #define PACKAGE_STRING "dosbox SVN"
| #define PACKAGE_BUGREPORT ""
| #define PACKAGE_URL ""
| #define PACKAGE "dosbox"
| #define VERSION "SVN"
| #define STDC_HEADERS 1
| #define HAVE_SYS_TYPES_H 1
| #define HAVE_SYS_STAT_H 1
| #define HAVE_STDLIB_H 1
| #define HAVE_STRING_H 1
| #define HAVE_MEMORY_H 1
| #define HAVE_STRINGS_H 1
| #define HAVE_INTTYPES_H 1
| #define HAVE_STDINT_H 1
| #define HAVE_UNISTD_H 1
| #define SIZEOF_UNSIGNED_CHAR 1
| /* end confdefs.h.  */
| #include <stdio.h>
| #ifdef HAVE_SYS_TYPES_H
| # include <sys/types.h>
| #endif
| #ifdef HAVE_SYS_STAT_H
| # include <sys/stat.h>
| #endif
| #ifdef STDC_HEADERS
| # include <stdlib.h>
| # include <stddef.h>
| #else
| # ifdef HAVE_STDLIB_H
| #  include <stdlib.h>
| # endif
| #endif
| #ifdef HAVE_STRING_H
| # if !defined STDC_HEADERS && defined HAVE_MEMORY_H
| #  include <memory.h>
| # endif
| # include <string.h>
| #endif
| #ifdef HAVE_STRINGS_H
| # include <strings.h>
| #endif
| #ifdef HAVE_INTTYPES_H
| # include <inttypes.h>
| #endif
| #ifdef HAVE_STDINT_H
| # include <stdint.h>
| #endif
| #ifdef HAVE_UNISTD_H
| # include <unistd.h>
| #endif
| int
| main ()
| {
| static int test_array [1 - 2 * !(((long int) (sizeof (unsigned short))) <= 0)];
| test_array [0] = 0;
| return test_array [0];
| 
|   ;
|   return 0;
| }
configure:5614: mipsel-linux-gcc -c -g -O2  -I/home/steward/Downloads/buildroot-2017.02.9/output/host/usr/mipsel-buildroot-linux-uclibc/sysroot/usr/include/SDL -D_GNU_SOURCE=1 -D_REENTRANT conftest.c >&5
conftest.c: In function 'main':
conftest.c:58:12: error: size of array 'test_array' is negative
 static int test_array [1 - 2 * !(((long int) (sizeof (unsigned short))) <= 1)];
            ^
configure:5614: $? = 1
configure: failed program was:
| /* confdefs.h */
| #define PACKAGE_NAME "dosbox"
| #define PACKAGE_TARNAME "dosbox"
| #define PACKAGE_VERSION "SVN"
| #define PACKAGE_STRING "dosbox SVN"
| #define PACKAGE_BUGREPORT ""
| #define PACKAGE_URL ""
| #define PACKAGE "dosbox"
| #define VERSION "SVN"
| #define STDC_HEADERS 1
| #define HAVE_SYS_TYPES_H 1
| #define HAVE_SYS_STAT_H 1
| #define HAVE_STDLIB_H 1
| #define HAVE_STRING_H 1
| #define HAVE_MEMORY_H 1
| #define HAVE_STRINGS_H 1
| #define HAVE_INTTYPES_H 1
| #define HAVE_STDINT_H 1
| #define HAVE_UNISTD_H 1
| #define SIZEOF_UNSIGNED_CHAR 1
| /* end confdefs.h.  */
| #include <stdio.h>
| #ifdef HAVE_SYS_TYPES_H
| # include <sys/types.h>
| #endif
| #ifdef HAVE_SYS_STAT_H
| # include <sys/stat.h>
| #endif
| #ifdef STDC_HEADERS
| # include <stdlib.h>
| # include <stddef.h>
| #else
| # ifdef HAVE_STDLIB_H
| #  include <stdlib.h>
| # endif
| #endif
| #ifdef HAVE_STRING_H
| # if !defined STDC_HEADERS && defined HAVE_MEMORY_H
| #  include <memory.h>
| # endif
| # include <string.h>
| #endif
| #ifdef HAVE_STRINGS_H
| # include <strings.h>
| #endif
| #ifdef HAVE_INTTYPES_H
| # include <inttypes.h>
| #endif
| #ifdef HAVE_STDINT_H
| # include <stdint.h>
| #endif
| #ifdef HAVE_UNISTD_H
| # include <unistd.h>
| #endif
| int
| main ()
| {
| static int test_array [1 - 2 * !(((long int) (sizeof (unsigned short))) <= 1)];
| test_array [0] = 0;
| return test_array [0];
| 
|   ;
|   return 0;
| }
configure:5614: mipsel-linux-gcc -c -g -O2  -I/home/steward/Downloads/buildroot-2017.02.9/output/host/usr/mipsel-buildroot-linux-uclibc/sysroot/usr/include/SDL -D_GNU_SOURCE=1 -D_REENTRANT conftest.c >&5
configure:5614: $? = 0
configure:5614: mipsel-linux-gcc -c -g -O2  -I/home/steward/Downloads/buildroot-2017.02.9/output/host/usr/mipsel-buildroot-linux-uclibc/sysroot/usr/include/SDL -D_GNU_SOURCE=1 -D_REENTRANT conftest.c >&5
configure:5614: $? = 0
configure:5628: result: 2
configure:5642: checking size of unsigned int
configure:5647: mipsel-linux-gcc -c -g -O2  -I/home/steward/Downloads/buildroot-2017.02.9/output/host/usr/mipsel-buildroot-linux-uclibc/sysroot/usr/include/SDL -D_GNU_SOURCE=1 -D_REENTRANT conftest.c >&5
configure:5647: $? = 0
configure:5647: mipsel-linux-gcc -c -g -O2  -I/home/steward/Downloads/buildroot-2017.02.9/output/host/usr/mipsel-buildroot-linux-uclibc/sysroot/usr/include/SDL -D_GNU_SOURCE=1 -D_REENTRANT conftest.c >&5
conftest.c: In function 'main':
conftest.c:59:12: error: size of array 'test_array' is negative
 static int test_array [1 - 2 * !(((long int) (sizeof (unsigned int))) <= 0)];
            ^
configure:5647: $? = 1
configure: failed program was:
| /* confdefs.h */
| #define PACKAGE_NAME "dosbox"
| #define PACKAGE_TARNAME "dosbox"
| #define PACKAGE_VERSION "SVN"
| #define PACKAGE_STRING "dosbox SVN"
| #define PACKAGE_BUGREPORT ""
| #define PACKAGE_URL ""
| #define PACKAGE "dosbox"
| #define VERSION "SVN"
| #define STDC_HEADERS 1
| #define HAVE_SYS_TYPES_H 1
| #define HAVE_SYS_STAT_H 1
| #define HAVE_STDLIB_H 1
| #define HAVE_STRING_H 1
| #define HAVE_MEMORY_H 1
| #define HAVE_STRINGS_H 1
| #define HAVE_INTTYPES_H 1
| #define HAVE_STDINT_H 1
| #define HAVE_UNISTD_H 1
| #define SIZEOF_UNSIGNED_CHAR 1
| #define SIZEOF_UNSIGNED_SHORT 2
| /* end confdefs.h.  */
| #include <stdio.h>
| #ifdef HAVE_SYS_TYPES_H
| # include <sys/types.h>
| #endif
| #ifdef HAVE_SYS_STAT_H
| # include <sys/stat.h>
| #endif
| #ifdef STDC_HEADERS
| # include <stdlib.h>
| # include <stddef.h>
| #else
| # ifdef HAVE_STDLIB_H
| #  include <stdlib.h>
| # endif
| #endif
| #ifdef HAVE_STRING_H
| # if !defined STDC_HEADERS && defined HAVE_MEMORY_H
| #  include <memory.h>
| # endif
| # include <string.h>
| #endif
| #ifdef HAVE_STRINGS_H
| # include <strings.h>
| #endif
| #ifdef HAVE_INTTYPES_H
| # include <inttypes.h>
| #endif
| #ifdef HAVE_STDINT_H
| # include <stdint.h>
| #endif
| #ifdef HAVE_UNISTD_H
| # include <unistd.h>
| #endif
| int
| main ()
| {
| static int test_array [1 - 2 * !(((long int) (sizeof (unsigned int))) <= 0)];
| test_array [0] = 0;
| return test_array [0];
| 
|   ;
|   return 0;
| }
configure:5647: mipsel-linux-gcc -c -g -O2  -I/home/steward/Downloads/buildroot-2017.02.9/output/host/usr/mipsel-buildroot-linux-uclibc/sysroot/usr/include/SDL -D_GNU_SOURCE=1 -D_REENTRANT conftest.c >&5
conftest.c: In function 'main':
conftest.c:59:12: error: size of array 'test_array' is negative
 static int test_array [1 - 2 * !(((long int) (sizeof (unsigned int))) <= 1)];
            ^
configure:5647: $? = 1
configure: failed program was:
| /* confdefs.h */
| #define PACKAGE_NAME "dosbox"
| #define PACKAGE_TARNAME "dosbox"
| #define PACKAGE_VERSION "SVN"
| #define PACKAGE_STRING "dosbox SVN"
| #define PACKAGE_BUGREPORT ""
| #define PACKAGE_URL ""
| #define PACKAGE "dosbox"
| #define VERSION "SVN"
| #define STDC_HEADERS 1
| #define HAVE_SYS_TYPES_H 1
| #define HAVE_SYS_STAT_H 1
| #define HAVE_STDLIB_H 1
| #define HAVE_STRING_H 1
| #define HAVE_MEMORY_H 1
| #define HAVE_STRINGS_H 1
| #define HAVE_INTTYPES_H 1
| #define HAVE_STDINT_H 1
| #define HAVE_UNISTD_H 1
| #define SIZEOF_UNSIGNED_CHAR 1
| #define SIZEOF_UNSIGNED_SHORT 2
| /* end confdefs.h.  */
| #include <stdio.h>
| #ifdef HAVE_SYS_TYPES_H
| # include <sys/types.h>
| #endif
| #ifdef HAVE_SYS_STAT_H
| # include <sys/stat.h>
| #endif
| #ifdef STDC_HEADERS
| # include <stdlib.h>
| # include <stddef.h>
| #else
| # ifdef HAVE_STDLIB_H
| #  include <stdlib.h>
| # endif
| #endif
| #ifdef HAVE_STRING_H
| # if !defined STDC_HEADERS && defined HAVE_MEMORY_H
| #  include <memory.h>
| # endif
| # include <string.h>
| #endif
| #ifdef HAVE_STRINGS_H
| # include <strings.h>
| #endif
| #ifdef HAVE_INTTYPES_H
| # include <inttypes.h>
| #endif
| #ifdef HAVE_STDINT_H
| # include <stdint.h>
| #endif
| #ifdef HAVE_UNISTD_H
| # include <unistd.h>
| #endif
| int
| main ()
| {
| static int test_array [1 - 2 * !(((long int) (sizeof (unsigned int))) <= 1)];
| test_array [0] = 0;
| return test_array [0];
| 
|   ;
|   return 0;
| }
configure:5647: mipsel-linux-gcc -c -g -O2  -I/home/steward/Downloads/buildroot-2017.02.9/output/host/usr/mipsel-buildroot-linux-uclibc/sysroot/usr/include/SDL -D_GNU_SOURCE=1 -D_REENTRANT conftest.c >&5
conftest.c: In function 'main':
conftest.c:59:12: error: size of array 'test_array' is negative
 static int test_array [1 - 2 * !(((long int) (sizeof (unsigned int))) <= 3)];
            ^
configure:5647: $? = 1
configure: failed program was:
| /* confdefs.h */
| #define PACKAGE_NAME "dosbox"
| #define PACKAGE_TARNAME "dosbox"
| #define PACKAGE_VERSION "SVN"
| #define PACKAGE_STRING "dosbox SVN"
| #define PACKAGE_BUGREPORT ""
| #define PACKAGE_URL ""
| #define PACKAGE "dosbox"
| #define VERSION "SVN"
| #define STDC_HEADERS 1
| #define HAVE_SYS_TYPES_H 1
| #define HAVE_SYS_STAT_H 1
| #define HAVE_STDLIB_H 1
| #define HAVE_STRING_H 1
| #define HAVE_MEMORY_H 1
| #define HAVE_STRINGS_H 1
| #define HAVE_INTTYPES_H 1
| #define HAVE_STDINT_H 1
| #define HAVE_UNISTD_H 1
| #define SIZEOF_UNSIGNED_CHAR 1
| #define SIZEOF_UNSIGNED_SHORT 2
| /* end confdefs.h.  */
| #include <stdio.h>
| #ifdef HAVE_SYS_TYPES_H
| # include <sys/types.h>
| #endif
| #ifdef HAVE_SYS_STAT_H
| # include <sys/stat.h>
| #endif
| #ifdef STDC_HEADERS
| # include <stdlib.h>
| # include <stddef.h>
| #else
| # ifdef HAVE_STDLIB_H
| #  include <stdlib.h>
| # endif
| #endif
| #ifdef HAVE_STRING_H
| # if !defined STDC_HEADERS && defined HAVE_MEMORY_H
| #  include <memory.h>
| # endif
| # include <string.h>
| #endif
| #ifdef HAVE_STRINGS_H
| # include <strings.h>
| #endif
| #ifdef HAVE_INTTYPES_H
| # include <inttypes.h>
| #endif
| #ifdef HAVE_STDINT_H
| # include <stdint.h>
| #endif
| #ifdef HAVE_UNISTD_H
| # include <unistd.h>
| #endif
| int
| main ()
| {
| static int test_array [1 - 2 * !(((long int) (sizeof (unsigned int))) <= 3)];
| test_array [0] = 0;
| return test_array [0];
| 
|   ;
|   return 0;
| }
configure:5647: mipsel-linux-gcc -c -g -O2  -I/home/steward/Downloads/buildroot-2017.02.9/output/host/usr/mipsel-buildroot-linux-uclibc/sysroot/usr/include/SDL -D_GNU_SOURCE=1 -D_REENTRANT conftest.c >&5
configure:5647: $? = 0
configure:5647: mipsel-linux-gcc -c -g -O2  -I/home/steward/Downloads/buildroot-2017.02.9/output/host/usr/mipsel-buildroot-linux-uclibc/sysroot/usr/include/SDL -D_GNU_SOURCE=1 -D_REENTRANT conftest.c >&5
configure:5647: $? = 0
configure:5647: mipsel-linux-gcc -c -g -O2  -I/home/steward/Downloads/buildroot-2017.02.9/output/host/usr/mipsel-buildroot-linux-uclibc/sysroot/usr/include/SDL -D_GNU_SOURCE=1 -D_REENTRANT conftest.c >&5
configure:5647: $? = 0
configure:5661: result: 4
configure:5675: checking size of unsigned long
configure:5680: mipsel-linux-gcc -c -g -O2  -I/home/steward/Downloads/buildroot-2017.02.9/output/host/usr/mipsel-buildroot-linux-uclibc/sysroot/usr/include/SDL -D_GNU_SOURCE=1 -D_REENTRANT conftest.c >&5
configure:5680: $? = 0
configure:5680: mipsel-linux-gcc -c -g -O2  -I/home/steward/Downloads/buildroot-2017.02.9/output/host/usr/mipsel-buildroot-linux-uclibc/sysroot/usr/include/SDL -D_GNU_SOURCE=1 -D_REENTRANT conftest.c >&5
conftest.c: In function 'main':
conftest.c:60:12: error: size of array 'test_array' is negative
 static int test_array [1 - 2 * !(((long int) (sizeof (unsigned long))) <= 0)];
            ^
configure:5680: $? = 1
configure: failed program was:
| /* confdefs.h */
| #define PACKAGE_NAME "dosbox"
| #define PACKAGE_TARNAME "dosbox"
| #define PACKAGE_VERSION "SVN"
| #define PACKAGE_STRING "dosbox SVN"
| #define PACKAGE_BUGREPORT ""
| #define PACKAGE_URL ""
| #define PACKAGE "dosbox"
| #define VERSION "SVN"
| #define STDC_HEADERS 1
| #define HAVE_SYS_TYPES_H 1
| #define HAVE_SYS_STAT_H 1
| #define HAVE_STDLIB_H 1
| #define HAVE_STRING_H 1
| #define HAVE_MEMORY_H 1
| #define HAVE_STRINGS_H 1
| #define HAVE_INTTYPES_H 1
| #define HAVE_STDINT_H 1
| #define HAVE_UNISTD_H 1
| #define SIZEOF_UNSIGNED_CHAR 1
| #define SIZEOF_UNSIGNED_SHORT 2
| #define SIZEOF_UNSIGNED_INT 4
| /* end confdefs.h.  */
| #include <stdio.h>
| #ifdef HAVE_SYS_TYPES_H
| # include <sys/types.h>
| #endif
| #ifdef HAVE_SYS_STAT_H
| # include <sys/stat.h>
| #endif
| #ifdef STDC_HEADERS
| # include <stdlib.h>
| # include <stddef.h>
| #else
| # ifdef HAVE_STDLIB_H
| #  include <stdlib.h>
| # endif
| #endif
| #ifdef HAVE_STRING_H
| # if !defined STDC_HEADERS && defined HAVE_MEMORY_H
| #  include <memory.h>
| # endif
| # include <string.h>
| #endif
| #ifdef HAVE_STRINGS_H
| # include <strings.h>
| #endif
| #ifdef HAVE_INTTYPES_H
| # include <inttypes.h>
| #endif
| #ifdef HAVE_STDINT_H
| # include <stdint.h>
| #endif
| #ifdef HAVE_UNISTD_H
| # include <unistd.h>
| #endif
| int
| main ()
| {
| static int test_array [1 - 2 * !(((long int) (sizeof (unsigned long))) <= 0)];
| test_array [0] = 0;
| return test_array [0];
| 
|   ;
|   return 0;
| }
configure:5680: mipsel-linux-gcc -c -g -O2  -I/home/steward/Downloads/buildroot-2017.02.9/output/host/usr/mipsel-buildroot-linux-uclibc/sysroot/usr/include/SDL -D_GNU_SOURCE=1 -D_REENTRANT conftest.c >&5
conftest.c: In function 'main':
conftest.c:60:12: error: size of array 'test_array' is negative
 static int test_array [1 - 2 * !(((long int) (sizeof (unsigned long))) <= 1)];
            ^
configure:5680: $? = 1
configure: failed program was:
| /* confdefs.h */
| #define PACKAGE_NAME "dosbox"
| #define PACKAGE_TARNAME "dosbox"
| #define PACKAGE_VERSION "SVN"
| #define PACKAGE_STRING "dosbox SVN"
| #define PACKAGE_BUGREPORT ""
| #define PACKAGE_URL ""
| #define PACKAGE "dosbox"
| #define VERSION "SVN"
| #define STDC_HEADERS 1
| #define HAVE_SYS_TYPES_H 1
| #define HAVE_SYS_STAT_H 1
| #define HAVE_STDLIB_H 1
| #define HAVE_STRING_H 1
| #define HAVE_MEMORY_H 1
| #define HAVE_STRINGS_H 1
| #define HAVE_INTTYPES_H 1
| #define HAVE_STDINT_H 1
| #define HAVE_UNISTD_H 1
| #define SIZEOF_UNSIGNED_CHAR 1
| #define SIZEOF_UNSIGNED_SHORT 2
| #define SIZEOF_UNSIGNED_INT 4
| /* end confdefs.h.  */
| #include <stdio.h>
| #ifdef HAVE_SYS_TYPES_H
| # include <sys/types.h>
| #endif
| #ifdef HAVE_SYS_STAT_H
| # include <sys/stat.h>
| #endif
| #ifdef STDC_HEADERS
| # include <stdlib.h>
| # include <stddef.h>
| #else
| # ifdef HAVE_STDLIB_H
| #  include <stdlib.h>
| # endif
| #endif
| #ifdef HAVE_STRING_H
| # if !defined STDC_HEADERS && defined HAVE_MEMORY_H
| #  include <memory.h>
| # endif
| # include <string.h>
| #endif
| #ifdef HAVE_STRINGS_H
| # include <strings.h>
| #endif
| #ifdef HAVE_INTTYPES_H
| # include <inttypes.h>
| #endif
| #ifdef HAVE_STDINT_H
| # include <stdint.h>
| #endif
| #ifdef HAVE_UNISTD_H
| # include <unistd.h>
| #endif
| int
| main ()
| {
| static int test_array [1 - 2 * !(((long int) (sizeof (unsigned long))) <= 1)];
| test_array [0] = 0;
| return test_array [0];
| 
|   ;
|   return 0;
| }
configure:5680: mipsel-linux-gcc -c -g -O2  -I/home/steward/Downloads/buildroot-2017.02.9/output/host/usr/mipsel-buildroot-linux-uclibc/sysroot/usr/include/SDL -D_GNU_SOURCE=1 -D_REENTRANT conftest.c >&5
conftest.c: In function 'main':
conftest.c:60:12: error: size of array 'test_array' is negative
 static int test_array [1 - 2 * !(((long int) (sizeof (unsigned long))) <= 3)];
            ^
configure:5680: $? = 1
configure: failed program was:
| /* confdefs.h */
| #define PACKAGE_NAME "dosbox"
| #define PACKAGE_TARNAME "dosbox"
| #define PACKAGE_VERSION "SVN"
| #define PACKAGE_STRING "dosbox SVN"
| #define PACKAGE_BUGREPORT ""
| #define PACKAGE_URL ""
| #define PACKAGE "dosbox"
| #define VERSION "SVN"
| #define STDC_HEADERS 1
| #define HAVE_SYS_TYPES_H 1
| #define HAVE_SYS_STAT_H 1
| #define HAVE_STDLIB_H 1
| #define HAVE_STRING_H 1
| #define HAVE_MEMORY_H 1
| #define HAVE_STRINGS_H 1
| #define HAVE_INTTYPES_H 1
| #define HAVE_STDINT_H 1
| #define HAVE_UNISTD_H 1
| #define SIZEOF_UNSIGNED_CHAR 1
| #define SIZEOF_UNSIGNED_SHORT 2
| #define SIZEOF_UNSIGNED_INT 4
| /* end confdefs.h.  */
| #include <stdio.h>
| #ifdef HAVE_SYS_TYPES_H
| # include <sys/types.h>
| #endif
| #ifdef HAVE_SYS_STAT_H
| # include <sys/stat.h>
| #endif
| #ifdef STDC_HEADERS
| # include <stdlib.h>
| # include <stddef.h>
| #else
| # ifdef HAVE_STDLIB_H
| #  include <stdlib.h>
| # endif
| #endif
| #ifdef HAVE_STRING_H
| # if !defined STDC_HEADERS && defined HAVE_MEMORY_H
| #  include <memory.h>
| # endif
| # include <string.h>
| #endif
| #ifdef HAVE_STRINGS_H
| # include <strings.h>
| #endif
| #ifdef HAVE_INTTYPES_H
| # include <inttypes.h>
| #endif
| #ifdef HAVE_STDINT_H
| # include <stdint.h>
| #endif
| #ifdef HAVE_UNISTD_H
| # include <unistd.h>
| #endif
| int
| main ()
| {
| static int test_array [1 - 2 * !(((long int) (sizeof (unsigned long))) <= 3)];
| test_array [0] = 0;
| return test_array [0];
| 
|   ;
|   return 0;
| }
configure:5680: mipsel-linux-gcc -c -g -O2  -I/home/steward/Downloads/buildroot-2017.02.9/output/host/usr/mipsel-buildroot-linux-uclibc/sysroot/usr/include/SDL -D_GNU_SOURCE=1 -D_REENTRANT conftest.c >&5
configure:5680: $? = 0
configure:5680: mipsel-linux-gcc -c -g -O2  -I/home/steward/Downloads/buildroot-2017.02.9/output/host/usr/mipsel-buildroot-linux-uclibc/sysroot/usr/include/SDL -D_GNU_SOURCE=1 -D_REENTRANT conftest.c >&5
configure:5680: $? = 0
configure:5680: mipsel-linux-gcc -c -g -O2  -I/home/steward/Downloads/buildroot-2017.02.9/output/host/usr/mipsel-buildroot-linux-uclibc/sysroot/usr/include/SDL -D_GNU_SOURCE=1 -D_REENTRANT conftest.c >&5
configure:5680: $? = 0
configure:5694: result: 4
configure:5708: checking size of unsigned long long
configure:5713: mipsel-linux-gcc -c -g -O2  -I/home/steward/Downloads/buildroot-2017.02.9/output/host/usr/mipsel-buildroot-linux-uclibc/sysroot/usr/include/SDL -D_GNU_SOURCE=1 -D_REENTRANT conftest.c >&5
configure:5713: $? = 0
configure:5713: mipsel-linux-gcc -c -g -O2  -I/home/steward/Downloads/buildroot-2017.02.9/output/host/usr/mipsel-buildroot-linux-uclibc/sysroot/usr/include/SDL -D_GNU_SOURCE=1 -D_REENTRANT conftest.c >&5
conftest.c: In function 'main':
conftest.c:61:12: error: size of array 'test_array' is negative
 static int test_array [1 - 2 * !(((long int) (sizeof (unsigned long long))) <= 0)];
            ^
configure:5713: $? = 1
configure: failed program was:
| /* confdefs.h */
| #define PACKAGE_NAME "dosbox"
| #define PACKAGE_TARNAME "dosbox"
| #define PACKAGE_VERSION "SVN"
| #define PACKAGE_STRING "dosbox SVN"
| #define PACKAGE_BUGREPORT ""
| #define PACKAGE_URL ""
| #define PACKAGE "dosbox"
| #define VERSION "SVN"
| #define STDC_HEADERS 1
| #define HAVE_SYS_TYPES_H 1
| #define HAVE_SYS_STAT_H 1
| #define HAVE_STDLIB_H 1
| #define HAVE_STRING_H 1
| #define HAVE_MEMORY_H 1
| #define HAVE_STRINGS_H 1
| #define HAVE_INTTYPES_H 1
| #define HAVE_STDINT_H 1
| #define HAVE_UNISTD_H 1
| #define SIZEOF_UNSIGNED_CHAR 1
| #define SIZEOF_UNSIGNED_SHORT 2
| #define SIZEOF_UNSIGNED_INT 4
| #define SIZEOF_UNSIGNED_LONG 4
| /* end confdefs.h.  */
| #include <stdio.h>
| #ifdef HAVE_SYS_TYPES_H
| # include <sys/types.h>
| #endif
| #ifdef HAVE_SYS_STAT_H
| # include <sys/stat.h>
| #endif
| #ifdef STDC_HEADERS
| # include <stdlib.h>
| # include <stddef.h>
| #else
| # ifdef HAVE_STDLIB_H
| #  include <stdlib.h>
| # endif
| #endif
| #ifdef HAVE_STRING_H
| # if !defined STDC_HEADERS && defined HAVE_MEMORY_H
| #  include <memory.h>
| # endif
| # include <string.h>
| #endif
| #ifdef HAVE_STRINGS_H
| # include <strings.h>
| #endif
| #ifdef HAVE_INTTYPES_H
| # include <inttypes.h>
| #endif
| #ifdef HAVE_STDINT_H
| # include <stdint.h>
| #endif
| #ifdef HAVE_UNISTD_H
| # include <unistd.h>
| #endif
| int
| main ()
| {
| static int test_array [1 - 2 * !(((long int) (sizeof (unsigned long long))) <= 0)];
| test_array [0] = 0;
| return test_array [0];
| 
|   ;
|   return 0;
| }
configure:5713: mipsel-linux-gcc -c -g -O2  -I/home/steward/Downloads/buildroot-2017.02.9/output/host/usr/mipsel-buildroot-linux-uclibc/sysroot/usr/include/SDL -D_GNU_SOURCE=1 -D_REENTRANT conftest.c >&5
conftest.c: In function 'main':
conftest.c:61:12: error: size of array 'test_array' is negative
 static int test_array [1 - 2 * !(((long int) (sizeof (unsigned long long))) <= 1)];
            ^
configure:5713: $? = 1
configure: failed program was:
| /* confdefs.h */
| #define PACKAGE_NAME "dosbox"
| #define PACKAGE_TARNAME "dosbox"
| #define PACKAGE_VERSION "SVN"
| #define PACKAGE_STRING "dosbox SVN"
| #define PACKAGE_BUGREPORT ""
| #define PACKAGE_URL ""
| #define PACKAGE "dosbox"
| #define VERSION "SVN"
| #define STDC_HEADERS 1
| #define HAVE_SYS_TYPES_H 1
| #define HAVE_SYS_STAT_H 1
| #define HAVE_STDLIB_H 1
| #define HAVE_STRING_H 1
| #define HAVE_MEMORY_H 1
| #define HAVE_STRINGS_H 1
| #define HAVE_INTTYPES_H 1
| #define HAVE_STDINT_H 1
| #define HAVE_UNISTD_H 1
| #define SIZEOF_UNSIGNED_CHAR 1
| #define SIZEOF_UNSIGNED_SHORT 2
| #define SIZEOF_UNSIGNED_INT 4
| #define SIZEOF_UNSIGNED_LONG 4
| /* end confdefs.h.  */
| #include <stdio.h>
| #ifdef HAVE_SYS_TYPES_H
| # include <sys/types.h>
| #endif
| #ifdef HAVE_SYS_STAT_H
| # include <sys/stat.h>
| #endif
| #ifdef STDC_HEADERS
| # include <stdlib.h>
| # include <stddef.h>
| #else
| # ifdef HAVE_STDLIB_H
| #  include <stdlib.h>
| # endif
| #endif
| #ifdef HAVE_STRING_H
| # if !defined STDC_HEADERS && defined HAVE_MEMORY_H
| #  include <memory.h>
| # endif
| # include <string.h>
| #endif
| #ifdef HAVE_STRINGS_H
| # include <strings.h>
| #endif
| #ifdef HAVE_INTTYPES_H
| # include <inttypes.h>
| #endif
| #ifdef HAVE_STDINT_H
| # include <stdint.h>
| #endif
| #ifdef HAVE_UNISTD_H
| # include <unistd.h>
| #endif
| int
| main ()
| {
| static int test_array [1 - 2 * !(((long int) (sizeof (unsigned long long))) <= 1)];
| test_array [0] = 0;
| return test_array [0];
| 
|   ;
|   return 0;
| }
configure:5713: mipsel-linux-gcc -c -g -O2  -I/home/steward/Downloads/buildroot-2017.02.9/output/host/usr/mipsel-buildroot-linux-uclibc/sysroot/usr/include/SDL -D_GNU_SOURCE=1 -D_REENTRANT conftest.c >&5
conftest.c: In function 'main':
conftest.c:61:12: error: size of array 'test_array' is negative
 static int test_array [1 - 2 * !(((long int) (sizeof (unsigned long long))) <= 3)];
            ^
configure:5713: $? = 1
configure: failed program was:
| /* confdefs.h */
| #define PACKAGE_NAME "dosbox"
| #define PACKAGE_TARNAME "dosbox"
| #define PACKAGE_VERSION "SVN"
| #define PACKAGE_STRING "dosbox SVN"
| #define PACKAGE_BUGREPORT ""
| #define PACKAGE_URL ""
| #define PACKAGE "dosbox"
| #define VERSION "SVN"
| #define STDC_HEADERS 1
| #define HAVE_SYS_TYPES_H 1
| #define HAVE_SYS_STAT_H 1
| #define HAVE_STDLIB_H 1
| #define HAVE_STRING_H 1
| #define HAVE_MEMORY_H 1
| #define HAVE_STRINGS_H 1
| #define HAVE_INTTYPES_H 1
| #define HAVE_STDINT_H 1
| #define HAVE_UNISTD_H 1
| #define SIZEOF_UNSIGNED_CHAR 1
| #define SIZEOF_UNSIGNED_SHORT 2
| #define SIZEOF_UNSIGNED_INT 4
| #define SIZEOF_UNSIGNED_LONG 4
| /* end confdefs.h.  */
| #include <stdio.h>
| #ifdef HAVE_SYS_TYPES_H
| # include <sys/types.h>
| #endif
| #ifdef HAVE_SYS_STAT_H
| # include <sys/stat.h>
| #endif
| #ifdef STDC_HEADERS
| # include <stdlib.h>
| # include <stddef.h>
| #else
| # ifdef HAVE_STDLIB_H
| #  include <stdlib.h>
| # endif
| #endif
| #ifdef HAVE_STRING_H
| # if !defined STDC_HEADERS && defined HAVE_MEMORY_H
| #  include <memory.h>
| # endif
| # include <string.h>
| #endif
| #ifdef HAVE_STRINGS_H
| # include <strings.h>
| #endif
| #ifdef HAVE_INTTYPES_H
| # include <inttypes.h>
| #endif
| #ifdef HAVE_STDINT_H
| # include <stdint.h>
| #endif
| #ifdef HAVE_UNISTD_H
| # include <unistd.h>
| #endif
| int
| main ()
| {
| static int test_array [1 - 2 * !(((long int) (sizeof (unsigned long long))) <= 3)];
| test_array [0] = 0;
| return test_array [0];
| 
|   ;
|   return 0;
| }
configure:5713: mipsel-linux-gcc -c -g -O2  -I/home/steward/Downloads/buildroot-2017.02.9/output/host/usr/mipsel-buildroot-linux-uclibc/sysroot/usr/include/SDL -D_GNU_SOURCE=1 -D_REENTRANT conftest.c >&5
conftest.c: In function 'main':
conftest.c:61:12: error: size of array 'test_array' is negative
 static int test_array [1 - 2 * !(((long int) (sizeof (unsigned long long))) <= 7)];
            ^
configure:5713: $? = 1
configure: failed program was:
| /* confdefs.h */
| #define PACKAGE_NAME "dosbox"
| #define PACKAGE_TARNAME "dosbox"
| #define PACKAGE_VERSION "SVN"
| #define PACKAGE_STRING "dosbox SVN"
| #define PACKAGE_BUGREPORT ""
| #define PACKAGE_URL ""
| #define PACKAGE "dosbox"
| #define VERSION "SVN"
| #define STDC_HEADERS 1
| #define HAVE_SYS_TYPES_H 1
| #define HAVE_SYS_STAT_H 1
| #define HAVE_STDLIB_H 1
| #define HAVE_STRING_H 1
| #define HAVE_MEMORY_H 1
| #define HAVE_STRINGS_H 1
| #define HAVE_INTTYPES_H 1
| #define HAVE_STDINT_H 1
| #define HAVE_UNISTD_H 1
| #define SIZEOF_UNSIGNED_CHAR 1
| #define SIZEOF_UNSIGNED_SHORT 2
| #define SIZEOF_UNSIGNED_INT 4
| #define SIZEOF_UNSIGNED_LONG 4
| /* end confdefs.h.  */
| #include <stdio.h>
| #ifdef HAVE_SYS_TYPES_H
| # include <sys/types.h>
| #endif
| #ifdef HAVE_SYS_STAT_H
| # include <sys/stat.h>
| #endif
| #ifdef STDC_HEADERS
| # include <stdlib.h>
| # include <stddef.h>
| #else
| # ifdef HAVE_STDLIB_H
| #  include <stdlib.h>
| # endif
| #endif
| #ifdef HAVE_STRING_H
| # if !defined STDC_HEADERS && defined HAVE_MEMORY_H
| #  include <memory.h>
| # endif
| # include <string.h>
| #endif
| #ifdef HAVE_STRINGS_H
| # include <strings.h>
| #endif
| #ifdef HAVE_INTTYPES_H
| # include <inttypes.h>
| #endif
| #ifdef HAVE_STDINT_H
| # include <stdint.h>
| #endif
| #ifdef HAVE_UNISTD_H
| # include <unistd.h>
| #endif
| int
| main ()
| {
| static int test_array [1 - 2 * !(((long int) (sizeof (unsigned long long))) <= 7)];
| test_array [0] = 0;
| return test_array [0];
| 
|   ;
|   return 0;
| }
configure:5713: mipsel-linux-gcc -c -g -O2  -I/home/steward/Downloads/buildroot-2017.02.9/output/host/usr/mipsel-buildroot-linux-uclibc/sysroot/usr/include/SDL -D_GNU_SOURCE=1 -D_REENTRANT conftest.c >&5
configure:5713: $? = 0
configure:5713: mipsel-linux-gcc -c -g -O2  -I/home/steward/Downloads/buildroot-2017.02.9/output/host/usr/mipsel-buildroot-linux-uclibc/sysroot/usr/include/SDL -D_GNU_SOURCE=1 -D_REENTRANT conftest.c >&5
configure:5713: $? = 0
configure:5713: mipsel-linux-gcc -c -g -O2  -I/home/steward/Downloads/buildroot-2017.02.9/output/host/usr/mipsel-buildroot-linux-uclibc/sysroot/usr/include/SDL -D_GNU_SOURCE=1 -D_REENTRANT conftest.c >&5
configure:5713: $? = 0
configure:5713: mipsel-linux-gcc -c -g -O2  -I/home/steward/Downloads/buildroot-2017.02.9/output/host/usr/mipsel-buildroot-linux-uclibc/sysroot/usr/include/SDL -D_GNU_SOURCE=1 -D_REENTRANT conftest.c >&5
configure:5713: $? = 0
configure:5727: result: 8
configure:5741: checking size of int *
configure:5746: mipsel-linux-gcc -c -g -O2  -I/home/steward/Downloads/buildroot-2017.02.9/output/host/usr/mipsel-buildroot-linux-uclibc/sysroot/usr/include/SDL -D_GNU_SOURCE=1 -D_REENTRANT conftest.c >&5
configure:5746: $? = 0
configure:5746: mipsel-linux-gcc -c -g -O2  -I/home/steward/Downloads/buildroot-2017.02.9/output/host/usr/mipsel-buildroot-linux-uclibc/sysroot/usr/include/SDL -D_GNU_SOURCE=1 -D_REENTRANT conftest.c >&5
conftest.c: In function 'main':
conftest.c:62:12: error: size of array 'test_array' is negative
 static int test_array [1 - 2 * !(((long int) (sizeof (int *))) <= 0)];
            ^
configure:5746: $? = 1
configure: failed program was:
| /* confdefs.h */
| #define PACKAGE_NAME "dosbox"
| #define PACKAGE_TARNAME "dosbox"
| #define PACKAGE_VERSION "SVN"
| #define PACKAGE_STRING "dosbox SVN"
| #define PACKAGE_BUGREPORT ""
| #define PACKAGE_URL ""
| #define PACKAGE "dosbox"
| #define VERSION "SVN"
| #define STDC_HEADERS 1
| #define HAVE_SYS_TYPES_H 1
| #define HAVE_SYS_STAT_H 1
| #define HAVE_STDLIB_H 1
| #define HAVE_STRING_H 1
| #define HAVE_MEMORY_H 1
| #define HAVE_STRINGS_H 1
| #define HAVE_INTTYPES_H 1
| #define HAVE_STDINT_H 1
| #define HAVE_UNISTD_H 1
| #define SIZEOF_UNSIGNED_CHAR 1
| #define SIZEOF_UNSIGNED_SHORT 2
| #define SIZEOF_UNSIGNED_INT 4
| #define SIZEOF_UNSIGNED_LONG 4
| #define SIZEOF_UNSIGNED_LONG_LONG 8
| /* end confdefs.h.  */
| #include <stdio.h>
| #ifdef HAVE_SYS_TYPES_H
| # include <sys/types.h>
| #endif
| #ifdef HAVE_SYS_STAT_H
| # include <sys/stat.h>
| #endif
| #ifdef STDC_HEADERS
| # include <stdlib.h>
| # include <stddef.h>
| #else
| # ifdef HAVE_STDLIB_H
| #  include <stdlib.h>
| # endif
| #endif
| #ifdef HAVE_STRING_H
| # if !defined STDC_HEADERS && defined HAVE_MEMORY_H
| #  include <memory.h>
| # endif
| # include <string.h>
| #endif
| #ifdef HAVE_STRINGS_H
| # include <strings.h>
| #endif
| #ifdef HAVE_INTTYPES_H
| # include <inttypes.h>
| #endif
| #ifdef HAVE_STDINT_H
| # include <stdint.h>
| #endif
| #ifdef HAVE_UNISTD_H
| # include <unistd.h>
| #endif
| int
| main ()
| {
| static int test_array [1 - 2 * !(((long int) (sizeof (int *))) <= 0)];
| test_array [0] = 0;
| return test_array [0];
| 
|   ;
|   return 0;
| }
configure:5746: mipsel-linux-gcc -c -g -O2  -I/home/steward/Downloads/buildroot-2017.02.9/output/host/usr/mipsel-buildroot-linux-uclibc/sysroot/usr/include/SDL -D_GNU_SOURCE=1 -D_REENTRANT conftest.c >&5
conftest.c: In function 'main':
conftest.c:62:12: error: size of array 'test_array' is negative
 static int test_array [1 - 2 * !(((long int) (sizeof (int *))) <= 1)];
            ^
configure:5746: $? = 1
configure: failed program was:
| /* confdefs.h */
| #define PACKAGE_NAME "dosbox"
| #define PACKAGE_TARNAME "dosbox"
| #define PACKAGE_VERSION "SVN"
| #define PACKAGE_STRING "dosbox SVN"
| #define PACKAGE_BUGREPORT ""
| #define PACKAGE_URL ""
| #define PACKAGE "dosbox"
| #define VERSION "SVN"
| #define STDC_HEADERS 1
| #define HAVE_SYS_TYPES_H 1
| #define HAVE_SYS_STAT_H 1
| #define HAVE_STDLIB_H 1
| #define HAVE_STRING_H 1
| #define HAVE_MEMORY_H 1
| #define HAVE_STRINGS_H 1
| #define HAVE_INTTYPES_H 1
| #define HAVE_STDINT_H 1
| #define HAVE_UNISTD_H 1
| #define SIZEOF_UNSIGNED_CHAR 1
| #define SIZEOF_UNSIGNED_SHORT 2
| #define SIZEOF_UNSIGNED_INT 4
| #define SIZEOF_UNSIGNED_LONG 4
| #define SIZEOF_UNSIGNED_LONG_LONG 8
| /* end confdefs.h.  */
| #include <stdio.h>
| #ifdef HAVE_SYS_TYPES_H
| # include <sys/types.h>
| #endif
| #ifdef HAVE_SYS_STAT_H
| # include <sys/stat.h>
| #endif
| #ifdef STDC_HEADERS
| # include <stdlib.h>
| # include <stddef.h>
| #else
| # ifdef HAVE_STDLIB_H
| #  include <stdlib.h>
| # endif
| #endif
| #ifdef HAVE_STRING_H
| # if !defined STDC_HEADERS && defined HAVE_MEMORY_H
| #  include <memory.h>
| # endif
| # include <string.h>
| #endif
| #ifdef HAVE_STRINGS_H
| # include <strings.h>
| #endif
| #ifdef HAVE_INTTYPES_H
| # include <inttypes.h>
| #endif
| #ifdef HAVE_STDINT_H
| # include <stdint.h>
| #endif
| #ifdef HAVE_UNISTD_H
| # include <unistd.h>
| #endif
| int
| main ()
| {
| static int test_array [1 - 2 * !(((long int) (sizeof (int *))) <= 1)];
| test_array [0] = 0;
| return test_array [0];
| 
|   ;
|   return 0;
| }
configure:5746: mipsel-linux-gcc -c -g -O2  -I/home/steward/Downloads/buildroot-2017.02.9/output/host/usr/mipsel-buildroot-linux-uclibc/sysroot/usr/include/SDL -D_GNU_SOURCE=1 -D_REENTRANT conftest.c >&5
conftest.c: In function 'main':
conftest.c:62:12: error: size of array 'test_array' is negative
 static int test_array [1 - 2 * !(((long int) (sizeof (int *))) <= 3)];
            ^
configure:5746: $? = 1
configure: failed program was:
| /* confdefs.h */
| #define PACKAGE_NAME "dosbox"
| #define PACKAGE_TARNAME "dosbox"
| #define PACKAGE_VERSION "SVN"
| #define PACKAGE_STRING "dosbox SVN"
| #define PACKAGE_BUGREPORT ""
| #define PACKAGE_URL ""
| #define PACKAGE "dosbox"
| #define VERSION "SVN"
| #define STDC_HEADERS 1
| #define HAVE_SYS_TYPES_H 1
| #define HAVE_SYS_STAT_H 1
| #define HAVE_STDLIB_H 1
| #define HAVE_STRING_H 1
| #define HAVE_MEMORY_H 1
| #define HAVE_STRINGS_H 1
| #define HAVE_INTTYPES_H 1
| #define HAVE_STDINT_H 1
| #define HAVE_UNISTD_H 1
| #define SIZEOF_UNSIGNED_CHAR 1
| #define SIZEOF_UNSIGNED_SHORT 2
| #define SIZEOF_UNSIGNED_INT 4
| #define SIZEOF_UNSIGNED_LONG 4
| #define SIZEOF_UNSIGNED_LONG_LONG 8
| /* end confdefs.h.  */
| #include <stdio.h>
| #ifdef HAVE_SYS_TYPES_H
| # include <sys/types.h>
| #endif
| #ifdef HAVE_SYS_STAT_H
| # include <sys/stat.h>
| #endif
| #ifdef STDC_HEADERS
| # include <stdlib.h>
| # include <stddef.h>
| #else
| # ifdef HAVE_STDLIB_H
| #  include <stdlib.h>
| # endif
| #endif
| #ifdef HAVE_STRING_H
| # if !defined STDC_HEADERS && defined HAVE_MEMORY_H
| #  include <memory.h>
| # endif
| # include <string.h>
| #endif
| #ifdef HAVE_STRINGS_H
| # include <strings.h>
| #endif
| #ifdef HAVE_INTTYPES_H
| # include <inttypes.h>
| #endif
| #ifdef HAVE_STDINT_H
| # include <stdint.h>
| #endif
| #ifdef HAVE_UNISTD_H
| # include <unistd.h>
| #endif
| int
| main ()
| {
| static int test_array [1 - 2 * !(((long int) (sizeof (int *))) <= 3)];
| test_array [0] = 0;
| return test_array [0];
| 
|   ;
|   return 0;
| }
configure:5746: mipsel-linux-gcc -c -g -O2  -I/home/steward/Downloads/buildroot-2017.02.9/output/host/usr/mipsel-buildroot-linux-uclibc/sysroot/usr/include/SDL -D_GNU_SOURCE=1 -D_REENTRANT conftest.c >&5
configure:5746: $? = 0
configure:5746: mipsel-linux-gcc -c -g -O2  -I/home/steward/Downloads/buildroot-2017.02.9/output/host/usr/mipsel-buildroot-linux-uclibc/sysroot/usr/include/SDL -D_GNU_SOURCE=1 -D_REENTRANT conftest.c >&5
configure:5746: $? = 0
configure:5746: mipsel-linux-gcc -c -g -O2  -I/home/steward/Downloads/buildroot-2017.02.9/output/host/usr/mipsel-buildroot-linux-uclibc/sysroot/usr/include/SDL -D_GNU_SOURCE=1 -D_REENTRANT conftest.c >&5
configure:5746: $? = 0
configure:5760: result: 4
configure:5774: checking for stdlib.h
configure:5774: result: yes
configure:5774: checking for sys/types.h
configure:5774: result: yes
configure:5787: checking for sys/socket.h
configure:5787: mipsel-linux-gcc -c -g -O2  -I/home/steward/Downloads/buildroot-2017.02.9/output/host/usr/mipsel-buildroot-linux-uclibc/sysroot/usr/include/SDL -D_GNU_SOURCE=1 -D_REENTRANT conftest.c >&5
configure:5787: $? = 0
configure:5787: result: yes
configure:5787: checking for netinet/in.h
configure:5787: mipsel-linux-gcc -c -g -O2  -I/home/steward/Downloads/buildroot-2017.02.9/output/host/usr/mipsel-buildroot-linux-uclibc/sysroot/usr/include/SDL -D_GNU_SOURCE=1 -D_REENTRANT conftest.c >&5
configure:5787: $? = 0
configure:5787: result: yes
configure:5787: checking for pwd.h
configure:5787: mipsel-linux-gcc -c -g -O2  -I/home/steward/Downloads/buildroot-2017.02.9/output/host/usr/mipsel-buildroot-linux-uclibc/sysroot/usr/include/SDL -D_GNU_SOURCE=1 -D_REENTRANT conftest.c >&5
configure:5787: $? = 0
configure:5787: result: yes
configure:5831: mipsel-linux-gcc -c -g -O2  -I/home/steward/Downloads/buildroot-2017.02.9/output/host/usr/mipsel-buildroot-linux-uclibc/sysroot/usr/include/SDL -D_GNU_SOURCE=1 -D_REENTRANT conftest.c >&5
configure:5831: $? = 0
configure:5840: checking if environ can be included
configure:5855: mipsel-linux-gcc -o conftest -g -O2  -I/home/steward/Downloads/buildroot-2017.02.9/output/host/usr/mipsel-buildroot-linux-uclibc/sysroot/usr/include/SDL -D_GNU_SOURCE=1 -D_REENTRANT  conftest.c  -L/home/steward/Downloads/buildroot-2017.02.9/output/host/usr/mipsel-buildroot-linux-uclibc/sysroot/usr/lib -lSDL -lpthread >&5
configure:5855: $? = 0
configure:5856: result: yes
configure:5867: checking if environ can be linked
configure:5880: mipsel-linux-gcc -o conftest -g -O2  -I/home/steward/Downloads/buildroot-2017.02.9/output/host/usr/mipsel-buildroot-linux-uclibc/sysroot/usr/include/SDL -D_GNU_SOURCE=1 -D_REENTRANT  conftest.c  -L/home/steward/Downloads/buildroot-2017.02.9/output/host/usr/mipsel-buildroot-linux-uclibc/sysroot/usr/lib -lSDL -lpthread >&5
configure:5880: $? = 0
configure:5881: result: yes
configure:5892: checking if dirent includes d_type
configure:5904: mipsel-linux-gcc -c -g -O2  -I/home/steward/Downloads/buildroot-2017.02.9/output/host/usr/mipsel-buildroot-linux-uclibc/sysroot/usr/include/SDL -D_GNU_SOURCE=1 -D_REENTRANT conftest.c >&5
configure:5904: $? = 0
configure:5905: result: yes
configure:5916: checking for powf in libm
configure:5933: mipsel-linux-gcc -o conftest -g -O2  -I/home/steward/Downloads/buildroot-2017.02.9/output/host/usr/mipsel-buildroot-linux-uclibc/sysroot/usr/include/SDL -D_GNU_SOURCE=1 -D_REENTRANT  conftest.c  -L/home/steward/Downloads/buildroot-2017.02.9/output/host/usr/mipsel-buildroot-linux-uclibc/sysroot/usr/lib -lSDL -lpthread -lm >&5
configure:5933: $? = 0
configure:5934: result: yes
configure:5949: checking if compiler allows __attribute__
configure:5963: mipsel-linux-gcc -c -g -O2  -I/home/steward/Downloads/buildroot-2017.02.9/output/host/usr/mipsel-buildroot-linux-uclibc/sysroot/usr/include/SDL -D_GNU_SOURCE=1 -D_REENTRANT conftest.c >&5
configure:5963: $? = 0
configure:5964: result: yes
configure:5979: checking if compiler allows __attribute__((always_inline)) 
configure:5986: mipsel-linux-gcc -c -Werror  -I/home/steward/Downloads/buildroot-2017.02.9/output/host/usr/mipsel-buildroot-linux-uclibc/sysroot/usr/include/SDL -D_GNU_SOURCE=1 -D_REENTRANT conftest.c >&5
conftest.c:36:38: error: always_inline function might not be inlinable [-Werror=attributes]
  void __attribute__((always_inline)) test(){}
                                      ^
cc1: all warnings being treated as errors
configure:5986: $? = 1
configure: failed program was:
| /* confdefs.h */
| #define PACKAGE_NAME "dosbox"
| #define PACKAGE_TARNAME "dosbox"
| #define PACKAGE_VERSION "SVN"
| #define PACKAGE_STRING "dosbox SVN"
| #define PACKAGE_BUGREPORT ""
| #define PACKAGE_URL ""
| #define PACKAGE "dosbox"
| #define VERSION "SVN"
| #define STDC_HEADERS 1
| #define HAVE_SYS_TYPES_H 1
| #define HAVE_SYS_STAT_H 1
| #define HAVE_STDLIB_H 1
| #define HAVE_STRING_H 1
| #define HAVE_MEMORY_H 1
| #define HAVE_STRINGS_H 1
| #define HAVE_INTTYPES_H 1
| #define HAVE_STDINT_H 1
| #define HAVE_UNISTD_H 1
| #define SIZEOF_UNSIGNED_CHAR 1
| #define SIZEOF_UNSIGNED_SHORT 2
| #define SIZEOF_UNSIGNED_INT 4
| #define SIZEOF_UNSIGNED_LONG 4
| #define SIZEOF_UNSIGNED_LONG_LONG 8
| #define SIZEOF_INT_P 4
| #define HAVE_STDLIB_H 1
| #define HAVE_SYS_TYPES_H 1
| #define HAVE_SYS_SOCKET_H 1
| #define HAVE_NETINET_IN_H 1
| #define HAVE_PWD_H 1
| #define ENVIRON_INCLUDED 1
| #define ENVIRON_LINKED 1
| #define DIRENT_HAS_D_TYPE 1
| #define C_HAS_ATTRIBUTE 1
| /* end confdefs.h.  */
|  void __attribute__((always_inline)) test(){}
| 
configure:5991: result: no
configure:5997: checking if compiler allows __attribute__((fastcall)) 
configure:6004: mipsel-linux-gcc -c -Werror  -I/home/steward/Downloads/buildroot-2017.02.9/output/host/usr/mipsel-buildroot-linux-uclibc/sysroot/usr/include/SDL -D_GNU_SOURCE=1 -D_REENTRANT conftest.c >&5
conftest.c:36:2: error: 'fastcall' attribute directive ignored [-Werror=attributes]
  void __attribute__((fastcall)) test(){}
  ^
cc1: all warnings being treated as errors
configure:6004: $? = 1
configure: failed program was:
| /* confdefs.h */
| #define PACKAGE_NAME "dosbox"
| #define PACKAGE_TARNAME "dosbox"
| #define PACKAGE_VERSION "SVN"
| #define PACKAGE_STRING "dosbox SVN"
| #define PACKAGE_BUGREPORT ""
| #define PACKAGE_URL ""
| #define PACKAGE "dosbox"
| #define VERSION "SVN"
| #define STDC_HEADERS 1
| #define HAVE_SYS_TYPES_H 1
| #define HAVE_SYS_STAT_H 1
| #define HAVE_STDLIB_H 1
| #define HAVE_STRING_H 1
| #define HAVE_MEMORY_H 1
| #define HAVE_STRINGS_H 1
| #define HAVE_INTTYPES_H 1
| #define HAVE_STDINT_H 1
| #define HAVE_UNISTD_H 1
| #define SIZEOF_UNSIGNED_CHAR 1
| #define SIZEOF_UNSIGNED_SHORT 2
| #define SIZEOF_UNSIGNED_INT 4
| #define SIZEOF_UNSIGNED_LONG 4
| #define SIZEOF_UNSIGNED_LONG_LONG 8
| #define SIZEOF_INT_P 4
| #define HAVE_STDLIB_H 1
| #define HAVE_SYS_TYPES_H 1
| #define HAVE_SYS_SOCKET_H 1
| #define HAVE_NETINET_IN_H 1
| #define HAVE_PWD_H 1
| #define ENVIRON_INCLUDED 1
| #define ENVIRON_LINKED 1
| #define DIRENT_HAS_D_TYPE 1
| #define C_HAS_ATTRIBUTE 1
| /* end confdefs.h.  */
|  void __attribute__((fastcall)) test(){}
| 
configure:6009: result: no
configure:6027: checking if compiler allows __builtin_expect
configure:6043: mipsel-linux-g++ -c -g -O2  -I/home/steward/Downloads/buildroot-2017.02.9/output/host/usr/mipsel-buildroot-linux-uclibc/sysroot/usr/include/SDL -D_GNU_SOURCE=1 -D_REENTRANT conftest.cpp >&5
configure:6043: $? = 0
configure:6044: result: yes
configure:6102: checking for ALSA CFLAGS
configure:6108: result: 
configure:6111: checking for ALSA LDFLAGS
configure:6124: result:  -lasound -lm -ldl -lpthread
configure:6128: checking for libasound headers version >= 0.9.0
configure:6190: mipsel-linux-gcc -c -g -O2  -I/home/steward/Downloads/buildroot-2017.02.9/output/host/usr/mipsel-buildroot-linux-uclibc/sysroot/usr/include/SDL -D_GNU_SOURCE=1 -D_REENTRANT conftest.c >&5
configure:6190: $? = 0
configure:6191: result: found.
configure:6208: checking for snd_ctl_open in -lasound
configure:6233: mipsel-linux-gcc -o conftest -g -O2  -I/home/steward/Downloads/buildroot-2017.02.9/output/host/usr/mipsel-buildroot-linux-uclibc/sysroot/usr/include/SDL -D_GNU_SOURCE=1 -D_REENTRANT  conftest.c -lasound   -lasound -lm -ldl -lpthread -L/home/steward/Downloads/buildroot-2017.02.9/output/host/usr/mipsel-buildroot-linux-uclibc/sysroot/usr/lib -lSDL >&5
configure:6233: $? = 0
configure:6242: result: yes
configure:6282: checking whether byte ordering is bigendian
configure:6297: mipsel-linux-gcc -c -g -O2  -I/home/steward/Downloads/buildroot-2017.02.9/output/host/usr/mipsel-buildroot-linux-uclibc/sysroot/usr/include/SDL -D_GNU_SOURCE=1 -D_REENTRANT conftest.c >&5
conftest.c:40:9: error: unknown type name 'not'
         not a universal capable compiler
         ^
conftest.c:40:15: error: expected '=', ',', ';', 'asm' or '__attribute__' before 'universal'
         not a universal capable compiler
               ^
conftest.c:40:15: error: unknown type name 'universal'
configure:6297: $? = 1
configure: failed program was:
| /* confdefs.h */
| #define PACKAGE_NAME "dosbox"
| #define PACKAGE_TARNAME "dosbox"
| #define PACKAGE_VERSION "SVN"
| #define PACKAGE_STRING "dosbox SVN"
| #define PACKAGE_BUGREPORT ""
| #define PACKAGE_URL ""
| #define PACKAGE "dosbox"
| #define VERSION "SVN"
| #define STDC_HEADERS 1
| #define HAVE_SYS_TYPES_H 1
| #define HAVE_SYS_STAT_H 1
| #define HAVE_STDLIB_H 1
| #define HAVE_STRING_H 1
| #define HAVE_MEMORY_H 1
| #define HAVE_STRINGS_H 1
| #define HAVE_INTTYPES_H 1
| #define HAVE_STDINT_H 1
| #define HAVE_UNISTD_H 1
| #define SIZEOF_UNSIGNED_CHAR 1
| #define SIZEOF_UNSIGNED_SHORT 2
| #define SIZEOF_UNSIGNED_INT 4
| #define SIZEOF_UNSIGNED_LONG 4
| #define SIZEOF_UNSIGNED_LONG_LONG 8
| #define SIZEOF_INT_P 4
| #define HAVE_STDLIB_H 1
| #define HAVE_SYS_TYPES_H 1
| #define HAVE_SYS_SOCKET_H 1
| #define HAVE_NETINET_IN_H 1
| #define HAVE_PWD_H 1
| #define ENVIRON_INCLUDED 1
| #define ENVIRON_LINKED 1
| #define DIRENT_HAS_D_TYPE 1
| #define C_HAS_ATTRIBUTE 1
| #define C_HAS_BUILTIN_EXPECT 1
| #define HAVE_LIBASOUND 1
| #define HAVE_ALSA 1
| /* end confdefs.h.  */
| #ifndef __APPLE_CC__
| 	       not a universal capable compiler
| 	     #endif
| 	     typedef int dummy;
| 
configure:6342: mipsel-linux-gcc -c -g -O2  -I/home/steward/Downloads/buildroot-2017.02.9/output/host/usr/mipsel-buildroot-linux-uclibc/sysroot/usr/include/SDL -D_GNU_SOURCE=1 -D_REENTRANT conftest.c >&5
configure:6342: $? = 0
configure:6360: mipsel-linux-gcc -c -g -O2  -I/home/steward/Downloads/buildroot-2017.02.9/output/host/usr/mipsel-buildroot-linux-uclibc/sysroot/usr/include/SDL -D_GNU_SOURCE=1 -D_REENTRANT conftest.c >&5
conftest.c: In function 'main':
conftest.c:46:4: error: unknown type name 'not'
    not big endian
    ^
conftest.c:46:12: error: expected '=', ',', ';', 'asm' or '__attribute__' before 'endian'
    not big endian
            ^
configure:6360: $? = 1
configure: failed program was:
| /* confdefs.h */
| #define PACKAGE_NAME "dosbox"
| #define PACKAGE_TARNAME "dosbox"
| #define PACKAGE_VERSION "SVN"
| #define PACKAGE_STRING "dosbox SVN"
| #define PACKAGE_BUGREPORT ""
| #define PACKAGE_URL ""
| #define PACKAGE "dosbox"
| #define VERSION "SVN"
| #define STDC_HEADERS 1
| #define HAVE_SYS_TYPES_H 1
| #define HAVE_SYS_STAT_H 1
| #define HAVE_STDLIB_H 1
| #define HAVE_STRING_H 1
| #define HAVE_MEMORY_H 1
| #define HAVE_STRINGS_H 1
| #define HAVE_INTTYPES_H 1
| #define HAVE_STDINT_H 1
| #define HAVE_UNISTD_H 1
| #define SIZEOF_UNSIGNED_CHAR 1
| #define SIZEOF_UNSIGNED_SHORT 2
| #define SIZEOF_UNSIGNED_INT 4
| #define SIZEOF_UNSIGNED_LONG 4
| #define SIZEOF_UNSIGNED_LONG_LONG 8
| #define SIZEOF_INT_P 4
| #define HAVE_STDLIB_H 1
| #define HAVE_SYS_TYPES_H 1
| #define HAVE_SYS_SOCKET_H 1
| #define HAVE_NETINET_IN_H 1
| #define HAVE_PWD_H 1
| #define ENVIRON_INCLUDED 1
| #define ENVIRON_LINKED 1
| #define DIRENT_HAS_D_TYPE 1
| #define C_HAS_ATTRIBUTE 1
| #define C_HAS_BUILTIN_EXPECT 1
| #define HAVE_LIBASOUND 1
| #define HAVE_ALSA 1
| /* end confdefs.h.  */
| #include <sys/types.h>
| 		#include <sys/param.h>
| 
| int
| main ()
| {
| #if BYTE_ORDER != BIG_ENDIAN
| 		 not big endian
| 		#endif
| 
|   ;
|   return 0;
| }
configure:6488: result: no
configure:6690: checking for target cpu type
configure:6728: result: unknown
configure:6750: checking whether x86 dynamic cpu core will be enabled
configure:6762: result: no
configure:6775: checking whether recompiling cpu core will be enabled
configure:6798: result: no
configure:6812: checking whether fpu emulation will be enabled
configure:6815: result: yes
configure:6832: checking whether x86 assembly fpu core will be enabled
configure:6845: result: no
configure:6862: checking whether to enable unaligned memory access
configure:6870: result: no
configure:6875: checking png.h usability
configure:6875: mipsel-linux-gcc -c -g -O2  -I/home/steward/Downloads/buildroot-2017.02.9/output/host/usr/mipsel-buildroot-linux-uclibc/sysroot/usr/include/SDL -D_GNU_SOURCE=1 -D_REENTRANT conftest.c >&5
configure:6875: $? = 0
configure:6875: result: yes
configure:6875: checking png.h presence
configure:6875: mipsel-linux-gcc -E  -I/home/steward/Downloads/buildroot-2017.02.9/output/host/usr/mipsel-buildroot-linux-uclibc/sysroot/usr/include/SDL -D_GNU_SOURCE=1 -D_REENTRANT conftest.c
configure:6875: $? = 0
configure:6875: result: yes
configure:6875: checking for png.h
configure:6875: result: yes
configure:6881: checking for png_get_io_ptr in -lpng
configure:6906: mipsel-linux-gcc -o conftest -g -O2  -I/home/steward/Downloads/buildroot-2017.02.9/output/host/usr/mipsel-buildroot-linux-uclibc/sysroot/usr/include/SDL -D_GNU_SOURCE=1 -D_REENTRANT  conftest.c -lpng -lz -lasound -lm -ldl -lpthread -L/home/steward/Downloads/buildroot-2017.02.9/output/host/usr/mipsel-buildroot-linux-uclibc/sysroot/usr/lib -lSDL >&5
configure:6906: $? = 0
configure:6915: result: yes
configure:6932: checking SDL_net.h usability
configure:6932: mipsel-linux-gcc -c -g -O2  -I/home/steward/Downloads/buildroot-2017.02.9/output/host/usr/mipsel-buildroot-linux-uclibc/sysroot/usr/include/SDL -D_GNU_SOURCE=1 -D_REENTRANT conftest.c >&5
configure:6932: $? = 0
configure:6932: result: yes
configure:6932: checking SDL_net.h presence
configure:6932: mipsel-linux-gcc -E  -I/home/steward/Downloads/buildroot-2017.02.9/output/host/usr/mipsel-buildroot-linux-uclibc/sysroot/usr/include/SDL -D_GNU_SOURCE=1 -D_REENTRANT conftest.c
configure:6932: $? = 0
configure:6932: result: yes
configure:6932: checking for SDL_net.h
configure:6932: result: yes
configure:6968: checking for SDLNet_Init in -lSDL_net
configure:6993: mipsel-linux-gcc -o conftest -g -O2  -I/home/steward/Downloads/buildroot-2017.02.9/output/host/usr/mipsel-buildroot-linux-uclibc/sysroot/usr/include/SDL -D_GNU_SOURCE=1 -D_REENTRANT  conftest.c -lSDL_net  -lasound -lm -ldl -lpthread -L/home/steward/Downloads/buildroot-2017.02.9/output/host/usr/mipsel-buildroot-linux-uclibc/sysroot/usr/lib -lSDL -lpng -lz >&5
configure:6993: $? = 0
configure:7002: result: yes
configure:7021: checking for main in -lX11
configure:7040: mipsel-linux-gcc -o conftest -g -O2  -I/home/steward/Downloads/buildroot-2017.02.9/output/host/usr/mipsel-buildroot-linux-uclibc/sysroot/usr/include/SDL -D_GNU_SOURCE=1 -D_REENTRANT  conftest.c -lX11  -lasound -lm -ldl -lpthread -L/home/steward/Downloads/buildroot-2017.02.9/output/host/usr/mipsel-buildroot-linux-uclibc/sysroot/usr/lib -lSDL -lpng -lz -lSDL_net >&5
/home/steward/Downloads/buildroot-2017.02.9/output/host/usr/lib/gcc/mipsel-buildroot-linux-uclibc/5.4.0/../../../../mipsel-buildroot-linux-uclibc/bin/ld: cannot find -lX11
collect2: error: ld returned 1 exit status
configure:7040: $? = 1
configure: failed program was:
| /* confdefs.h */
| #define PACKAGE_NAME "dosbox"
| #define PACKAGE_TARNAME "dosbox"
| #define PACKAGE_VERSION "SVN"
| #define PACKAGE_STRING "dosbox SVN"
| #define PACKAGE_BUGREPORT ""
| #define PACKAGE_URL ""
| #define PACKAGE "dosbox"
| #define VERSION "SVN"
| #define STDC_HEADERS 1
| #define HAVE_SYS_TYPES_H 1
| #define HAVE_SYS_STAT_H 1
| #define HAVE_STDLIB_H 1
| #define HAVE_STRING_H 1
| #define HAVE_MEMORY_H 1
| #define HAVE_STRINGS_H 1
| #define HAVE_INTTYPES_H 1
| #define HAVE_STDINT_H 1
| #define HAVE_UNISTD_H 1
| #define SIZEOF_UNSIGNED_CHAR 1
| #define SIZEOF_UNSIGNED_SHORT 2
| #define SIZEOF_UNSIGNED_INT 4
| #define SIZEOF_UNSIGNED_LONG 4
| #define SIZEOF_UNSIGNED_LONG_LONG 8
| #define SIZEOF_INT_P 4
| #define HAVE_STDLIB_H 1
| #define HAVE_SYS_TYPES_H 1
| #define HAVE_SYS_SOCKET_H 1
| #define HAVE_NETINET_IN_H 1
| #define HAVE_PWD_H 1
| #define ENVIRON_INCLUDED 1
| #define ENVIRON_LINKED 1
| #define DIRENT_HAS_D_TYPE 1
| #define C_HAS_ATTRIBUTE 1
| #define C_HAS_BUILTIN_EXPECT 1
| #define HAVE_LIBASOUND 1
| #define HAVE_ALSA 1
| #define C_TARGETCPU UNKNOWN
| #define C_FPU 1
| #define C_SSHOT 1
| #define C_MODEM 1
| #define C_IPX 1
| /* end confdefs.h.  */
| 
| 
| int
| main ()
| {
| return main ();
|   ;
|   return 0;
| }
configure:7049: result: no
configure:7057: checking X11/XKBlib.h usability
configure:7057: mipsel-linux-gcc -c -g -O2  -I/home/steward/Downloads/buildroot-2017.02.9/output/host/usr/mipsel-buildroot-linux-uclibc/sysroot/usr/include/SDL -D_GNU_SOURCE=1 -D_REENTRANT conftest.c >&5
conftest.c:77:24: fatal error: X11/XKBlib.h: No such file or directory
compilation terminated.
configure:7057: $? = 1
configure: failed program was:
| /* confdefs.h */
| #define PACKAGE_NAME "dosbox"
| #define PACKAGE_TARNAME "dosbox"
| #define PACKAGE_VERSION "SVN"
| #define PACKAGE_STRING "dosbox SVN"
| #define PACKAGE_BUGREPORT ""
| #define PACKAGE_URL ""
| #define PACKAGE "dosbox"
| #define VERSION "SVN"
| #define STDC_HEADERS 1
| #define HAVE_SYS_TYPES_H 1
| #define HAVE_SYS_STAT_H 1
| #define HAVE_STDLIB_H 1
| #define HAVE_STRING_H 1
| #define HAVE_MEMORY_H 1
| #define HAVE_STRINGS_H 1
| #define HAVE_INTTYPES_H 1
| #define HAVE_STDINT_H 1
| #define HAVE_UNISTD_H 1
| #define SIZEOF_UNSIGNED_CHAR 1
| #define SIZEOF_UNSIGNED_SHORT 2
| #define SIZEOF_UNSIGNED_INT 4
| #define SIZEOF_UNSIGNED_LONG 4
| #define SIZEOF_UNSIGNED_LONG_LONG 8
| #define SIZEOF_INT_P 4
| #define HAVE_STDLIB_H 1
| #define HAVE_SYS_TYPES_H 1
| #define HAVE_SYS_SOCKET_H 1
| #define HAVE_NETINET_IN_H 1
| #define HAVE_PWD_H 1
| #define ENVIRON_INCLUDED 1
| #define ENVIRON_LINKED 1
| #define DIRENT_HAS_D_TYPE 1
| #define C_HAS_ATTRIBUTE 1
| #define C_HAS_BUILTIN_EXPECT 1
| #define HAVE_LIBASOUND 1
| #define HAVE_ALSA 1
| #define C_TARGETCPU UNKNOWN
| #define C_FPU 1
| #define C_SSHOT 1
| #define C_MODEM 1
| #define C_IPX 1
| /* end confdefs.h.  */
| #include <stdio.h>
| #ifdef HAVE_SYS_TYPES_H
| # include <sys/types.h>
| #endif
| #ifdef HAVE_SYS_STAT_H
| # include <sys/stat.h>
| #endif
| #ifdef STDC_HEADERS
| # include <stdlib.h>
| # include <stddef.h>
| #else
| # ifdef HAVE_STDLIB_H
| #  include <stdlib.h>
| # endif
| #endif
| #ifdef HAVE_STRING_H
| # if !defined STDC_HEADERS && defined HAVE_MEMORY_H
| #  include <memory.h>
| # endif
| # include <string.h>
| #endif
| #ifdef HAVE_STRINGS_H
| # include <strings.h>
| #endif
| #ifdef HAVE_INTTYPES_H
| # include <inttypes.h>
| #endif
| #ifdef HAVE_STDINT_H
| # include <stdint.h>
| #endif
| #ifdef HAVE_UNISTD_H
| # include <unistd.h>
| #endif
| #include <X11/XKBlib.h>
configure:7057: result: no
configure:7057: checking X11/XKBlib.h presence
configure:7057: mipsel-linux-gcc -E  -I/home/steward/Downloads/buildroot-2017.02.9/output/host/usr/mipsel-buildroot-linux-uclibc/sysroot/usr/include/SDL -D_GNU_SOURCE=1 -D_REENTRANT conftest.c
conftest.c:44:24: fatal error: X11/XKBlib.h: No such file or directory
compilation terminated.
configure:7057: $? = 1
configure: failed program was:
| /* confdefs.h */
| #define PACKAGE_NAME "dosbox"
| #define PACKAGE_TARNAME "dosbox"
| #define PACKAGE_VERSION "SVN"
| #define PACKAGE_STRING "dosbox SVN"
| #define PACKAGE_BUGREPORT ""
| #define PACKAGE_URL ""
| #define PACKAGE "dosbox"
| #define VERSION "SVN"
| #define STDC_HEADERS 1
| #define HAVE_SYS_TYPES_H 1
| #define HAVE_SYS_STAT_H 1
| #define HAVE_STDLIB_H 1
| #define HAVE_STRING_H 1
| #define HAVE_MEMORY_H 1
| #define HAVE_STRINGS_H 1
| #define HAVE_INTTYPES_H 1
| #define HAVE_STDINT_H 1
| #define HAVE_UNISTD_H 1
| #define SIZEOF_UNSIGNED_CHAR 1
| #define SIZEOF_UNSIGNED_SHORT 2
| #define SIZEOF_UNSIGNED_INT 4
| #define SIZEOF_UNSIGNED_LONG 4
| #define SIZEOF_UNSIGNED_LONG_LONG 8
| #define SIZEOF_INT_P 4
| #define HAVE_STDLIB_H 1
| #define HAVE_SYS_TYPES_H 1
| #define HAVE_SYS_SOCKET_H 1
| #define HAVE_NETINET_IN_H 1
| #define HAVE_PWD_H 1
| #define ENVIRON_INCLUDED 1
| #define ENVIRON_LINKED 1
| #define DIRENT_HAS_D_TYPE 1
| #define C_HAS_ATTRIBUTE 1
| #define C_HAS_BUILTIN_EXPECT 1
| #define HAVE_LIBASOUND 1
| #define HAVE_ALSA 1
| #define C_TARGETCPU UNKNOWN
| #define C_FPU 1
| #define C_SSHOT 1
| #define C_MODEM 1
| #define C_IPX 1
| /* end confdefs.h.  */
| #include <X11/XKBlib.h>
configure:7057: result: no
configure:7057: checking for X11/XKBlib.h
configure:7057: result: no
configure:7065: checking for XKBlib support
configure:7074: result: no
configure:7079: checking for main in -lGL
configure:7098: mipsel-linux-gcc -o conftest -g -O2  -I/home/steward/Downloads/buildroot-2017.02.9/output/host/usr/mipsel-buildroot-linux-uclibc/sysroot/usr/include/SDL -D_GNU_SOURCE=1 -D_REENTRANT  conftest.c -lGL  -lasound -lm -ldl -lpthread -L/home/steward/Downloads/buildroot-2017.02.9/output/host/usr/mipsel-buildroot-linux-uclibc/sysroot/usr/lib -lSDL -lpng -lz -lSDL_net >&5
/home/steward/Downloads/buildroot-2017.02.9/output/host/usr/lib/gcc/mipsel-buildroot-linux-uclibc/5.4.0/../../../../mipsel-buildroot-linux-uclibc/bin/ld: cannot find -lGL
collect2: error: ld returned 1 exit status
configure:7098: $? = 1
configure: failed program was:
| /* confdefs.h */
| #define PACKAGE_NAME "dosbox"
| #define PACKAGE_TARNAME "dosbox"
| #define PACKAGE_VERSION "SVN"
| #define PACKAGE_STRING "dosbox SVN"
| #define PACKAGE_BUGREPORT ""
| #define PACKAGE_URL ""
| #define PACKAGE "dosbox"
| #define VERSION "SVN"
| #define STDC_HEADERS 1
| #define HAVE_SYS_TYPES_H 1
| #define HAVE_SYS_STAT_H 1
| #define HAVE_STDLIB_H 1
| #define HAVE_STRING_H 1
| #define HAVE_MEMORY_H 1
| #define HAVE_STRINGS_H 1
| #define HAVE_INTTYPES_H 1
| #define HAVE_STDINT_H 1
| #define HAVE_UNISTD_H 1
| #define SIZEOF_UNSIGNED_CHAR 1
| #define SIZEOF_UNSIGNED_SHORT 2
| #define SIZEOF_UNSIGNED_INT 4
| #define SIZEOF_UNSIGNED_LONG 4
| #define SIZEOF_UNSIGNED_LONG_LONG 8
| #define SIZEOF_INT_P 4
| #define HAVE_STDLIB_H 1
| #define HAVE_SYS_TYPES_H 1
| #define HAVE_SYS_SOCKET_H 1
| #define HAVE_NETINET_IN_H 1
| #define HAVE_PWD_H 1
| #define ENVIRON_INCLUDED 1
| #define ENVIRON_LINKED 1
| #define DIRENT_HAS_D_TYPE 1
| #define C_HAS_ATTRIBUTE 1
| #define C_HAS_BUILTIN_EXPECT 1
| #define HAVE_LIBASOUND 1
| #define HAVE_ALSA 1
| #define C_TARGETCPU UNKNOWN
| #define C_FPU 1
| #define C_SSHOT 1
| #define C_MODEM 1
| #define C_IPX 1
| /* end confdefs.h.  */
| 
| 
| int
| main ()
| {
| return main ();
|   ;
|   return 0;
| }
configure:7107: result: no
configure:7115: checking for main in -lopengl32
configure:7134: mipsel-linux-gcc -o conftest -g -O2  -I/home/steward/Downloads/buildroot-2017.02.9/output/host/usr/mipsel-buildroot-linux-uclibc/sysroot/usr/include/SDL -D_GNU_SOURCE=1 -D_REENTRANT  conftest.c -lopengl32  -lasound -lm -ldl -lpthread -L/home/steward/Downloads/buildroot-2017.02.9/output/host/usr/mipsel-buildroot-linux-uclibc/sysroot/usr/lib -lSDL -lpng -lz -lSDL_net >&5
/home/steward/Downloads/buildroot-2017.02.9/output/host/usr/lib/gcc/mipsel-buildroot-linux-uclibc/5.4.0/../../../../mipsel-buildroot-linux-uclibc/bin/ld: cannot find -lopengl32
collect2: error: ld returned 1 exit status
configure:7134: $? = 1
configure: failed program was:
| /* confdefs.h */
| #define PACKAGE_NAME "dosbox"
| #define PACKAGE_TARNAME "dosbox"
| #define PACKAGE_VERSION "SVN"
| #define PACKAGE_STRING "dosbox SVN"
| #define PACKAGE_BUGREPORT ""
| #define PACKAGE_URL ""
| #define PACKAGE "dosbox"
| #define VERSION "SVN"
| #define STDC_HEADERS 1
| #define HAVE_SYS_TYPES_H 1
| #define HAVE_SYS_STAT_H 1
| #define HAVE_STDLIB_H 1
| #define HAVE_STRING_H 1
| #define HAVE_MEMORY_H 1
| #define HAVE_STRINGS_H 1
| #define HAVE_INTTYPES_H 1
| #define HAVE_STDINT_H 1
| #define HAVE_UNISTD_H 1
| #define SIZEOF_UNSIGNED_CHAR 1
| #define SIZEOF_UNSIGNED_SHORT 2
| #define SIZEOF_UNSIGNED_INT 4
| #define SIZEOF_UNSIGNED_LONG 4
| #define SIZEOF_UNSIGNED_LONG_LONG 8
| #define SIZEOF_INT_P 4
| #define HAVE_STDLIB_H 1
| #define HAVE_SYS_TYPES_H 1
| #define HAVE_SYS_SOCKET_H 1
| #define HAVE_NETINET_IN_H 1
| #define HAVE_PWD_H 1
| #define ENVIRON_INCLUDED 1
| #define ENVIRON_LINKED 1
| #define DIRENT_HAS_D_TYPE 1
| #define C_HAS_ATTRIBUTE 1
| #define C_HAS_BUILTIN_EXPECT 1
| #define HAVE_LIBASOUND 1
| #define HAVE_ALSA 1
| #define C_TARGETCPU UNKNOWN
| #define C_FPU 1
| #define C_SSHOT 1
| #define C_MODEM 1
| #define C_IPX 1
| /* end confdefs.h.  */
| 
| 
| int
| main ()
| {
| return main ();
|   ;
|   return 0;
| }
configure:7143: result: no
configure:7151: checking GL/gl.h usability
configure:7151: mipsel-linux-gcc -c -g -O2  -I/home/steward/Downloads/buildroot-2017.02.9/output/host/usr/mipsel-buildroot-linux-uclibc/sysroot/usr/include/SDL -D_GNU_SOURCE=1 -D_REENTRANT conftest.c >&5
conftest.c:77:19: fatal error: GL/gl.h: No such file or directory
compilation terminated.
configure:7151: $? = 1
configure: failed program was:
| /* confdefs.h */
| #define PACKAGE_NAME "dosbox"
| #define PACKAGE_TARNAME "dosbox"
| #define PACKAGE_VERSION "SVN"
| #define PACKAGE_STRING "dosbox SVN"
| #define PACKAGE_BUGREPORT ""
| #define PACKAGE_URL ""
| #define PACKAGE "dosbox"
| #define VERSION "SVN"
| #define STDC_HEADERS 1
| #define HAVE_SYS_TYPES_H 1
| #define HAVE_SYS_STAT_H 1
| #define HAVE_STDLIB_H 1
| #define HAVE_STRING_H 1
| #define HAVE_MEMORY_H 1
| #define HAVE_STRINGS_H 1
| #define HAVE_INTTYPES_H 1
| #define HAVE_STDINT_H 1
| #define HAVE_UNISTD_H 1
| #define SIZEOF_UNSIGNED_CHAR 1
| #define SIZEOF_UNSIGNED_SHORT 2
| #define SIZEOF_UNSIGNED_INT 4
| #define SIZEOF_UNSIGNED_LONG 4
| #define SIZEOF_UNSIGNED_LONG_LONG 8
| #define SIZEOF_INT_P 4
| #define HAVE_STDLIB_H 1
| #define HAVE_SYS_TYPES_H 1
| #define HAVE_SYS_SOCKET_H 1
| #define HAVE_NETINET_IN_H 1
| #define HAVE_PWD_H 1
| #define ENVIRON_INCLUDED 1
| #define ENVIRON_LINKED 1
| #define DIRENT_HAS_D_TYPE 1
| #define C_HAS_ATTRIBUTE 1
| #define C_HAS_BUILTIN_EXPECT 1
| #define HAVE_LIBASOUND 1
| #define HAVE_ALSA 1
| #define C_TARGETCPU UNKNOWN
| #define C_FPU 1
| #define C_SSHOT 1
| #define C_MODEM 1
| #define C_IPX 1
| /* end confdefs.h.  */
| #include <stdio.h>
| #ifdef HAVE_SYS_TYPES_H
| # include <sys/types.h>
| #endif
| #ifdef HAVE_SYS_STAT_H
| # include <sys/stat.h>
| #endif
| #ifdef STDC_HEADERS
| # include <stdlib.h>
| # include <stddef.h>
| #else
| # ifdef HAVE_STDLIB_H
| #  include <stdlib.h>
| # endif
| #endif
| #ifdef HAVE_STRING_H
| # if !defined STDC_HEADERS && defined HAVE_MEMORY_H
| #  include <memory.h>
| # endif
| # include <string.h>
| #endif
| #ifdef HAVE_STRINGS_H
| # include <strings.h>
| #endif
| #ifdef HAVE_INTTYPES_H
| # include <inttypes.h>
| #endif
| #ifdef HAVE_STDINT_H
| # include <stdint.h>
| #endif
| #ifdef HAVE_UNISTD_H
| # include <unistd.h>
| #endif
| #include <GL/gl.h>
configure:7151: result: no
configure:7151: checking GL/gl.h presence
configure:7151: mipsel-linux-gcc -E  -I/home/steward/Downloads/buildroot-2017.02.9/output/host/usr/mipsel-buildroot-linux-uclibc/sysroot/usr/include/SDL -D_GNU_SOURCE=1 -D_REENTRANT conftest.c
conftest.c:44:19: fatal error: GL/gl.h: No such file or directory
compilation terminated.
configure:7151: $? = 1
configure: failed program was:
| /* confdefs.h */
| #define PACKAGE_NAME "dosbox"
| #define PACKAGE_TARNAME "dosbox"
| #define PACKAGE_VERSION "SVN"
| #define PACKAGE_STRING "dosbox SVN"
| #define PACKAGE_BUGREPORT ""
| #define PACKAGE_URL ""
| #define PACKAGE "dosbox"
| #define VERSION "SVN"
| #define STDC_HEADERS 1
| #define HAVE_SYS_TYPES_H 1
| #define HAVE_SYS_STAT_H 1
| #define HAVE_STDLIB_H 1
| #define HAVE_STRING_H 1
| #define HAVE_MEMORY_H 1
| #define HAVE_STRINGS_H 1
| #define HAVE_INTTYPES_H 1
| #define HAVE_STDINT_H 1
| #define HAVE_UNISTD_H 1
| #define SIZEOF_UNSIGNED_CHAR 1
| #define SIZEOF_UNSIGNED_SHORT 2
| #define SIZEOF_UNSIGNED_INT 4
| #define SIZEOF_UNSIGNED_LONG 4
| #define SIZEOF_UNSIGNED_LONG_LONG 8
| #define SIZEOF_INT_P 4
| #define HAVE_STDLIB_H 1
| #define HAVE_SYS_TYPES_H 1
| #define HAVE_SYS_SOCKET_H 1
| #define HAVE_NETINET_IN_H 1
| #define HAVE_PWD_H 1
| #define ENVIRON_INCLUDED 1
| #define ENVIRON_LINKED 1
| #define DIRENT_HAS_D_TYPE 1
| #define C_HAS_ATTRIBUTE 1
| #define C_HAS_BUILTIN_EXPECT 1
| #define HAVE_LIBASOUND 1
| #define HAVE_ALSA 1
| #define C_TARGETCPU UNKNOWN
| #define C_FPU 1
| #define C_SSHOT 1
| #define C_MODEM 1
| #define C_IPX 1
| /* end confdefs.h.  */
| #include <GL/gl.h>
configure:7151: result: no
configure:7151: checking for GL/gl.h
configure:7151: result: no
configure:7166: checking whether opengl display output will be enabled
configure:7191: result: no
configure:7199: checking SDL_sound.h usability
configure:7199: mipsel-linux-gcc -c -g -O2  -I/home/steward/Downloads/buildroot-2017.02.9/output/host/usr/mipsel-buildroot-linux-uclibc/sysroot/usr/include/SDL -D_GNU_SOURCE=1 -D_REENTRANT conftest.c >&5
configure:7199: $? = 0
configure:7199: result: yes
configure:7199: checking SDL_sound.h presence
configure:7199: mipsel-linux-gcc -E  -I/home/steward/Downloads/buildroot-2017.02.9/output/host/usr/mipsel-buildroot-linux-uclibc/sysroot/usr/include/SDL -D_GNU_SOURCE=1 -D_REENTRANT conftest.c
configure:7199: $? = 0
configure:7199: result: yes
configure:7199: checking for SDL_sound.h
configure:7199: result: yes
configure:7205: checking for Sound_Init in -lSDL_sound
configure:7230: mipsel-linux-gcc -o conftest -g -O2  -I/home/steward/Downloads/buildroot-2017.02.9/output/host/usr/mipsel-buildroot-linux-uclibc/sysroot/usr/include/SDL -D_GNU_SOURCE=1 -D_REENTRANT  conftest.c -lSDL_sound  -lasound -lm -ldl -lpthread -L/home/steward/Downloads/buildroot-2017.02.9/output/host/usr/mipsel-buildroot-linux-uclibc/sysroot/usr/lib -lSDL -lpng -lz -lSDL_net >&5
configure:7230: $? = 0
configure:7239: result: yes
configure:7245: checking for Sound_Seek in -lSDL_sound
configure:7270: mipsel-linux-gcc -o conftest -g -O2  -I/home/steward/Downloads/buildroot-2017.02.9/output/host/usr/mipsel-buildroot-linux-uclibc/sysroot/usr/include/SDL -D_GNU_SOURCE=1 -D_REENTRANT  conftest.c -lSDL_sound  -lasound -lm -ldl -lpthread -L/home/steward/Downloads/buildroot-2017.02.9/output/host/usr/mipsel-buildroot-linux-uclibc/sysroot/usr/lib -lSDL -lpng -lz -lSDL_net >&5
configure:7270: $? = 0
configure:7279: result: yes
configure:7300: checking sys/mman.h usability
configure:7300: mipsel-linux-gcc -c -g -O2  -I/home/steward/Downloads/buildroot-2017.02.9/output/host/usr/mipsel-buildroot-linux-uclibc/sysroot/usr/include/SDL -D_GNU_SOURCE=1 -D_REENTRANT conftest.c >&5
configure:7300: $? = 0
configure:7300: result: yes
configure:7300: checking sys/mman.h presence
configure:7300: mipsel-linux-gcc -E  -I/home/steward/Downloads/buildroot-2017.02.9/output/host/usr/mipsel-buildroot-linux-uclibc/sysroot/usr/include/SDL -D_GNU_SOURCE=1 -D_REENTRANT conftest.c
configure:7300: $? = 0
configure:7300: result: yes
configure:7300: checking for sys/mman.h
configure:7300: result: yes
configure:7303: checking for mprotect
configure:7303: mipsel-linux-gcc -o conftest -g -O2  -I/home/steward/Downloads/buildroot-2017.02.9/output/host/usr/mipsel-buildroot-linux-uclibc/sysroot/usr/include/SDL -D_GNU_SOURCE=1 -D_REENTRANT  conftest.c -lSDL_sound -lasound -lm -ldl -lpthread -L/home/steward/Downloads/buildroot-2017.02.9/output/host/usr/mipsel-buildroot-linux-uclibc/sysroot/usr/lib -lSDL -lpng -lz -lSDL_net >&5
configure:7303: $? = 0
configure:7303: result: yes
configure:7315: checking for setpriority support
configure:7326: mipsel-linux-gcc -o conftest -g -O2  -I/home/steward/Downloads/buildroot-2017.02.9/output/host/usr/mipsel-buildroot-linux-uclibc/sysroot/usr/include/SDL -D_GNU_SOURCE=1 -D_REENTRANT  conftest.c -lSDL_sound -lasound -lm -ldl -lpthread -L/home/steward/Downloads/buildroot-2017.02.9/output/host/usr/mipsel-buildroot-linux-uclibc/sysroot/usr/lib -lSDL -lpng -lz -lSDL_net >&5
configure:7326: $? = 0
configure:7327: result: yes
configure:7616: checking that generated files are newer than configure
configure:7622: result: done
configure:7654: creating ./config.status

## ---------------------- ##
## Running config.status. ##
## ---------------------- ##

This file was extended by dosbox config.status SVN, which was
generated by GNU Autoconf 2.69.  Invocation command line was

  CONFIG_FILES    = 
  CONFIG_HEADERS  = 
  CONFIG_LINKS    = 
  CONFIG_COMMANDS = 
  $ ./config.status 

on debian

config.status:928: creating Makefile
config.status:928: creating src/Makefile
config.status:928: creating src/cpu/Makefile
config.status:928: creating src/cpu/core_full/Makefile
config.status:928: creating src/cpu/core_normal/Makefile
config.status:928: creating src/cpu/core_dyn_x86/Makefile
config.status:928: creating src/cpu/core_dynrec/Makefile
config.status:928: creating src/debug/Makefile
config.status:928: creating src/dos/Makefile
config.status:928: creating src/fpu/Makefile
config.status:928: creating src/gui/Makefile
config.status:928: creating src/hardware/Makefile
config.status:928: creating src/hardware/serialport/Makefile
config.status:928: creating src/ints/Makefile
config.status:928: creating src/libs/Makefile
config.status:928: creating src/libs/zmbv/Makefile
config.status:928: creating src/libs/gui_tk/Makefile
config.status:928: creating src/misc/Makefile
config.status:928: creating src/shell/Makefile
config.status:928: creating src/platform/Makefile
config.status:928: creating src/platform/visualc/Makefile
config.status:928: creating visualc_net/Makefile
config.status:928: creating include/Makefile
config.status:928: creating docs/Makefile
config.status:928: creating config.h
config.status:1157: executing depfiles commands

## ---------------- ##
## Cache variables. ##
## ---------------- ##

ac_cv_build=x86_64-pc-linux-uclibc
ac_cv_c_bigendian=no
ac_cv_c_compiler_gnu=yes
ac_cv_c_const=yes
ac_cv_c_inline=inline
ac_cv_cxx_compiler_gnu=yes
ac_cv_env_CCC_set=
ac_cv_env_CCC_value=
ac_cv_env_CC_set=set
ac_cv_env_CC_value=mipsel-linux-gcc
ac_cv_env_CFLAGS_set=
ac_cv_env_CFLAGS_value=
ac_cv_env_CPPFLAGS_set=
ac_cv_env_CPPFLAGS_value=
ac_cv_env_CPP_set=
ac_cv_env_CPP_value=
ac_cv_env_CXXFLAGS_set=
ac_cv_env_CXXFLAGS_value=
ac_cv_env_CXX_set=set
ac_cv_env_CXX_value=mipsel-linux-g++
ac_cv_env_LDFLAGS_set=
ac_cv_env_LDFLAGS_value=
ac_cv_env_LIBS_set=
ac_cv_env_LIBS_value=
ac_cv_env_build_alias_set=
ac_cv_env_build_alias_value=
ac_cv_env_host_alias_set=set
ac_cv_env_host_alias_value=mipsel-linux
ac_cv_env_target_alias_set=
ac_cv_env_target_alias_value=
ac_cv_func_mprotect=yes
ac_cv_header_GL_gl_h=no
ac_cv_header_SDL_net_h=yes
ac_cv_header_SDL_sound_h=yes
ac_cv_header_X11_XKBlib_h=no
ac_cv_header_inttypes_h=yes
ac_cv_header_memory_h=yes
ac_cv_header_netinet_in_h=yes
ac_cv_header_png_h=yes
ac_cv_header_pwd_h=yes
ac_cv_header_stdc=yes
ac_cv_header_stdint_h=yes
ac_cv_header_stdlib_h=yes
ac_cv_header_string_h=yes
ac_cv_header_strings_h=yes
ac_cv_header_sys_mman_h=yes
ac_cv_header_sys_socket_h=yes
ac_cv_header_sys_stat_h=yes
ac_cv_header_sys_types_h=yes
ac_cv_header_unistd_h=yes
ac_cv_host=mipsel-unknown-linux-gnu
ac_cv_lib_GL_main=no
ac_cv_lib_SDL_net_SDLNet_Init=yes
ac_cv_lib_SDL_sound_Sound_Init=yes
ac_cv_lib_SDL_sound_Sound_Seek=yes
ac_cv_lib_X11_main=no
ac_cv_lib_asound_snd_ctl_open=yes
ac_cv_lib_opengl32_main=no
ac_cv_lib_png_png_get_io_ptr=yes
ac_cv_objext=o
ac_cv_path_EGREP='/bin/grep -E'
ac_cv_path_GREP=/bin/grep
ac_cv_path_SDL_CONFIG=/home/steward/Downloads/buildroot-2017.02.9/output/host/usr/mipsel-buildroot-linux-uclibc/sysroot/usr/bin/sdl-config
ac_cv_path_install='/usr/bin/install -c'
ac_cv_path_mkdir=/bin/mkdir
ac_cv_prog_AWK=gawk
ac_cv_prog_CC=mipsel-linux-gcc
ac_cv_prog_CPP='mipsel-linux-gcc -E'
ac_cv_prog_RANLIB=mipsel-linux-ranlib
ac_cv_prog_STRIP=mipsel-linux-strip
ac_cv_prog_cc_c89=
ac_cv_prog_cc_g=yes
ac_cv_prog_cxx_g=yes
ac_cv_prog_make_make_set=yes
ac_cv_sizeof_int_p=4
ac_cv_sizeof_unsigned_char=1
ac_cv_sizeof_unsigned_int=4
ac_cv_sizeof_unsigned_long=4
ac_cv_sizeof_unsigned_long_long=8
ac_cv_sizeof_unsigned_short=2
ac_cv_struct_tm=time.h
ac_cv_type_size_t=yes
am_cv_CC_dependencies_compiler_type=gcc3
am_cv_CXX_dependencies_compiler_type=gcc3
am_cv_make_support_nested_variables=yes
am_cv_prog_cc_c_o=yes

## ----------------- ##
## Output variables. ##
## ----------------- ##

ACLOCAL='${SHELL} /home/steward/Downloads/dosbox/missing aclocal-1.15'
ALSA_CFLAGS=''
ALSA_LIBS=' -lasound -lm -ldl -lpthread'
AMDEPBACKSLASH='\'
AMDEP_FALSE='#'
AMDEP_TRUE=''
AMTAR='$${TAR-tar}'
AM_BACKSLASH='\'
AM_DEFAULT_V='$(AM_DEFAULT_VERBOSITY)'
AM_DEFAULT_VERBOSITY='1'
AM_V='$(V)'
AUTOCONF='${SHELL} /home/steward/Downloads/dosbox/missing autoconf'
AUTOHEADER='${SHELL} /home/steward/Downloads/dosbox/missing autoheader'
AUTOMAKE='${SHELL} /home/steward/Downloads/dosbox/missing automake-1.15'
AWK='gawk'
CC='mipsel-linux-gcc'
CCDEPMODE='depmode=gcc3'
CFLAGS='-g -O2'
CPP='mipsel-linux-gcc -E'
CPPFLAGS=' -I/home/steward/Downloads/buildroot-2017.02.9/output/host/usr/mipsel-buildroot-linux-uclibc/sysroot/usr/include/SDL -D_GNU_SOURCE=1 -D_REENTRANT'
CXX='mipsel-linux-g++'
CXXDEPMODE='depmode=gcc3'
CXXFLAGS='-g -O2 '
CYGPATH_W='echo'
DEFS='-DHAVE_CONFIG_H'
DEPDIR='.deps'
ECHO_C=''
ECHO_N='-n'
ECHO_T=''
EGREP='/bin/grep -E'
EXEEXT=''
GREP='/bin/grep'
HAVE_WINDRES_FALSE=''
HAVE_WINDRES_TRUE='#'
INSTALL_DATA='${INSTALL} -m 644'
INSTALL_PROGRAM='${INSTALL}'
INSTALL_SCRIPT='${INSTALL}'
INSTALL_STRIP_PROGRAM='$(install_sh) -c -s'
LDFLAGS=''
LIBOBJS=''
LIBS='-lSDL_sound -lasound -lm -ldl -lpthread -L/home/steward/Downloads/buildroot-2017.02.9/output/host/usr/mipsel-buildroot-linux-uclibc/sysroot/usr/lib -lSDL -lpng -lz -lSDL_net'
LTLIBOBJS=''
MAKEINFO='${SHELL} /home/steward/Downloads/dosbox/missing makeinfo'
MKDIR_P='/bin/mkdir -p'
OBJEXT='o'
PACKAGE='dosbox'
PACKAGE_BUGREPORT=''
PACKAGE_NAME='dosbox'
PACKAGE_STRING='dosbox SVN'
PACKAGE_TARNAME='dosbox'
PACKAGE_URL=''
PACKAGE_VERSION='SVN'
PATH_SEPARATOR=':'
RANLIB='mipsel-linux-ranlib'
SDL_CFLAGS='-I/home/steward/Downloads/buildroot-2017.02.9/output/host/usr/mipsel-buildroot-linux-uclibc/sysroot/usr/include/SDL -D_GNU_SOURCE=1 -D_REENTRANT'
SDL_CONFIG='/home/steward/Downloads/buildroot-2017.02.9/output/host/usr/mipsel-buildroot-linux-uclibc/sysroot/usr/bin/sdl-config'
SDL_LIBS='-L/home/steward/Downloads/buildroot-2017.02.9/output/host/usr/mipsel-buildroot-linux-uclibc/sysroot/usr/lib -lSDL -lpthread'
SET_MAKE=''
SHELL='/bin/bash'
STRIP='mipsel-linux-strip'
VERSION='SVN'
WINDRES=':'
ac_ct_CC=''
ac_ct_CXX=''
am__EXEEXT_FALSE=''
am__EXEEXT_TRUE='#'
am__fastdepCC_FALSE='#'
am__fastdepCC_TRUE=''
am__fastdepCXX_FALSE='#'
am__fastdepCXX_TRUE=''
am__include='include'
am__isrc=''
am__leading_dot='.'
am__nodep='_no'
am__quote=''
am__tar='$${TAR-tar} chof - "$$tardir"'
am__untar='$${TAR-tar} xf -'
bindir='${exec_prefix}/bin'
build='x86_64-pc-linux-uclibc'
build_alias=''
build_cpu='x86_64'
build_os='linux-uclibc'
build_vendor='pc'
datadir='${datarootdir}'
datarootdir='${prefix}/share'
docdir='${datarootdir}/doc/${PACKAGE_TARNAME}'
dvidir='${docdir}'
exec_prefix='${prefix}'
host='mipsel-unknown-linux-gnu'
host_alias='mipsel-linux'
host_cpu='mipsel'
host_os='linux-gnu'
host_vendor='unknown'
htmldir='${docdir}'
includedir='${prefix}/include'
infodir='${datarootdir}/info'
install_sh='${SHELL} /home/steward/Downloads/dosbox/install-sh'
libdir='${exec_prefix}/lib'
libexecdir='${exec_prefix}/libexec'
localedir='${datarootdir}/locale'
localstatedir='${prefix}/var'
mandir='${datarootdir}/man'
mkdir_p='$(MKDIR_P)'
oldincludedir='/usr/include'
pdfdir='${docdir}'
prefix='/usr/local'
program_transform_name='s,x,x,'
psdir='${docdir}'
runstatedir='${localstatedir}/run'
sbindir='${exec_prefix}/sbin'
sharedstatedir='${prefix}/com'
sysconfdir='${prefix}/etc'
target_alias=''

## ----------- ##
## confdefs.h. ##
## ----------- ##

/* confdefs.h */
#define PACKAGE_NAME "dosbox"
#define PACKAGE_TARNAME "dosbox"
#define PACKAGE_VERSION "SVN"
#define PACKAGE_STRING "dosbox SVN"
#define PACKAGE_BUGREPORT ""
#define PACKAGE_URL ""
#define PACKAGE "dosbox"
#define VERSION "SVN"
#define STDC_HEADERS 1
#define HAVE_SYS_TYPES_H 1
#define HAVE_SYS_STAT_H 1
#define HAVE_STDLIB_H 1
#define HAVE_STRING_H 1
#define HAVE_MEMORY_H 1
#define HAVE_STRINGS_H 1
#define HAVE_INTTYPES_H 1
#define HAVE_STDINT_H 1
#define HAVE_UNISTD_H 1
#define SIZEOF_UNSIGNED_CHAR 1
#define SIZEOF_UNSIGNED_SHORT 2
#define SIZEOF_UNSIGNED_INT 4
#define SIZEOF_UNSIGNED_LONG 4
#define SIZEOF_UNSIGNED_LONG_LONG 8
#define SIZEOF_INT_P 4
#define HAVE_STDLIB_H 1
#define HAVE_SYS_TYPES_H 1
#define HAVE_SYS_SOCKET_H 1
#define HAVE_NETINET_IN_H 1
#define HAVE_PWD_H 1
#define ENVIRON_INCLUDED 1
#define ENVIRON_LINKED 1
#define DIRENT_HAS_D_TYPE 1
#define C_HAS_ATTRIBUTE 1
#define C_HAS_BUILTIN_EXPECT 1
#define HAVE_LIBASOUND 1
#define HAVE_ALSA 1
#define C_TARGETCPU UNKNOWN
#define C_FPU 1
#define C_SSHOT 1
#define C_MODEM 1
#define C_IPX 1
#define C_SDL_SOUND 1
#define C_HAVE_MPROTECT 1
#define C_SET_PRIORITY 1
#define LINUX 1
#define C_DIRECTSERIAL 1

configure: exit 0
